{"numFailedTestSuites":4,"numFailedTests":6,"numPassedTestSuites":94,"numPassedTests":1310,"numPendingTestSuites":0,"numPendingTests":0,"numRuntimeErrorTestSuites":0,"numTodoTests":0,"numTotalTestSuites":98,"numTotalTests":1316,"openHandles":[],"snapshot":{"added":0,"didUpdate":false,"failure":false,"filesAdded":0,"filesRemoved":0,"filesRemovedList":[],"filesUnmatched":0,"filesUpdated":0,"matched":0,"total":0,"unchecked":0,"uncheckedKeysByFile":[],"unmatched":0,"updated":0},"startTime":1776254361722,"success":false,"testResults":[{"assertionResults":[{"ancestorTitles":["CuestionariosPublicos"],"failureMessages":[],"fullName":"CuestionariosPublicos shows loading state","location":null,"status":"passed","title":"shows loading state"},{"ancestorTitles":["CuestionariosPublicos"],"failureMessages":[],"fullName":"CuestionariosPublicos shows empty state","location":null,"status":"passed","title":"shows empty state"},{"ancestorTitles":["CuestionariosPublicos"],"failureMessages":[],"fullName":"CuestionariosPublicos shows error on failure","location":null,"status":"passed","title":"shows error on failure"},{"ancestorTitles":["CuestionariosPublicos"],"failureMessages":[],"fullName":"CuestionariosPublicos renders quiz cards","location":null,"status":"passed","title":"renders quiz cards"},{"ancestorTitles":["CuestionariosPublicos"],"failureMessages":[],"fullName":"CuestionariosPublicos shows create button when authenticated","location":null,"status":"passed","title":"shows create button when authenticated"},{"ancestorTitles":["CuestionariosPublicos"],"failureMessages":[],"fullName":"CuestionariosPublicos hides create button when not authenticated","location":null,"status":"passed","title":"hides create button when not authenticated"},{"ancestorTitles":["CuestionariosPublicos"],"failureMessages":[],"fullName":"CuestionariosPublicos merges assigned and public quizzes, deduplicating by id","location":null,"status":"passed","title":"merges assigned and public quizzes, deduplicating by id"},{"ancestorTitles":["CuestionariosPublicos"],"failureMessages":[],"fullName":"CuestionariosPublicos handles assigned API failure gracefully","location":null,"status":"passed","title":"handles assigned API failure gracefully"},{"ancestorTitles":["CuestionariosPublicos"],"failureMessages":["TestingLibraryElementError: Unable to find an element with the text: Cuestionarios públicos. This could be because the text is broken up by multiple elements. In this case, you can provide a function for your text matcher to make your matcher more flexible.\n\nIgnored nodes: comments, script, style\n\u001b[36m<body>\u001b[39m\n  \u001b[36m<div>\u001b[39m\n    \u001b[36m<div\u001b[39m\n      \u001b[33mdata-testid\u001b[39m=\u001b[32m\"header\"\u001b[39m\n    \u001b[36m>\u001b[39m\n      \u001b[0mHeader\u001b[0m\n    \u001b[36m</div>\u001b[39m\n    \u001b[36m<div\u001b[39m\n      \u001b[33mclass\u001b[39m=\u001b[32m\"quizzes-hero\"\u001b[39m\n    \u001b[36m>\u001b[39m\n      \u001b[36m<div\u001b[39m\n        \u001b[33maria-hidden\u001b[39m=\u001b[32m\"true\"\u001b[39m\n        \u001b[33mclass\u001b[39m=\u001b[32m\"quizzes-hero__decoration\"\u001b[39m\n      \u001b[36m/>\u001b[39m\n      \u001b[36m<div\u001b[39m\n        \u001b[33mclass\u001b[39m=\u001b[32m\"quizzes-hero__content\"\u001b[39m\n      \u001b[36m>\u001b[39m\n        \u001b[36m<span\u001b[39m\n          \u001b[33mclass\u001b[39m=\u001b[32m\"quizzes-hero__badge\"\u001b[39m\n        \u001b[36m>\u001b[39m\n          \u001b[0mAprende · Evalúa · Mejora\u001b[0m\n        \u001b[36m</span>\u001b[39m\n        \u001b[36m<h1\u001b[39m\n          \u001b[33mclass\u001b[39m=\u001b[32m\"quizzes-hero__title\"\u001b[39m\n        \u001b[36m>\u001b[39m\n          \u001b[0mCuestionarios\u001b[0m\n        \u001b[36m</h1>\u001b[39m\n        \u001b[36m<p\u001b[39m\n          \u001b[33mclass\u001b[39m=\u001b[32m\"quizzes-hero__subtitle\"\u001b[39m\n        \u001b[36m>\u001b[39m\n          \u001b[0mPon a prueba tus conocimientos con cuestionarios creados por la comunidad\u001b[0m\n        \u001b[36m</p>\u001b[39m\n      \u001b[36m</div>\u001b[39m\n    \u001b[36m</div>\u001b[39m\n    \u001b[36m<div\u001b[39m\n      \u001b[33mclass\u001b[39m=\u001b[32m\"quizzes-public-page\"\u001b[39m\n    \u001b[36m>\u001b[39m\n      \u001b[36m<div\u001b[39m\n        \u001b[33mclass\u001b[39m=\u001b[32m\"quizzes-public-loading\"\u001b[39m\n      \u001b[36m>\u001b[39m\n        \u001b[0mCargando cuestionarios...\u001b[0m\n      \u001b[36m</div>\u001b[39m\n    \u001b[36m</div>\u001b[39m\n  \u001b[36m</div>\u001b[39m\n\u001b[36m</body>\u001b[39m\n    at Object.getElementError (C:\\Users\\nunog\\Documents\\Universidad\\Proyectos GitHub\\ISPP\\frontend\\node_modules\\@testing-library\\dom\\dist\\config.js:37:19)\n    at C:\\Users\\nunog\\Documents\\Universidad\\Proyectos GitHub\\ISPP\\frontend\\node_modules\\@testing-library\\dom\\dist\\query-helpers.js:76:38\n    at C:\\Users\\nunog\\Documents\\Universidad\\Proyectos GitHub\\ISPP\\frontend\\node_modules\\@testing-library\\dom\\dist\\query-helpers.js:52:17\n    at getByText (C:\\Users\\nunog\\Documents\\Universidad\\Proyectos GitHub\\ISPP\\frontend\\node_modules\\@testing-library\\dom\\dist\\query-helpers.js:95:19)\n    at Object.<anonymous> (C:\\Users\\nunog\\Documents\\Universidad\\Proyectos GitHub\\ISPP\\frontend\\src\\screens\\cuestionarios\\CuestionariosPublicos.test.js:96:19)\n    at Promise.then.completed (C:\\Users\\nunog\\Documents\\Universidad\\Proyectos GitHub\\ISPP\\frontend\\node_modules\\jest-circus\\build\\utils.js:391:28)\n    at new Promise (<anonymous>)\n    at callAsyncCircusFn (C:\\Users\\nunog\\Documents\\Universidad\\Proyectos GitHub\\ISPP\\frontend\\node_modules\\jest-circus\\build\\utils.js:316:10)\n    at _callCircusTest (C:\\Users\\nunog\\Documents\\Universidad\\Proyectos GitHub\\ISPP\\frontend\\node_modules\\jest-circus\\build\\run.js:218:40)\n    at _runTest (C:\\Users\\nunog\\Documents\\Universidad\\Proyectos GitHub\\ISPP\\frontend\\node_modules\\jest-circus\\build\\run.js:155:3)\n    at _runTestsForDescribeBlock (C:\\Users\\nunog\\Documents\\Universidad\\Proyectos GitHub\\ISPP\\frontend\\node_modules\\jest-circus\\build\\run.js:66:9)\n    at _runTestsForDescribeBlock (C:\\Users\\nunog\\Documents\\Universidad\\Proyectos GitHub\\ISPP\\frontend\\node_modules\\jest-circus\\build\\run.js:60:9)\n    at run (C:\\Users\\nunog\\Documents\\Universidad\\Proyectos GitHub\\ISPP\\frontend\\node_modules\\jest-circus\\build\\run.js:25:3)\n    at runAndTransformResultsToJestFormat (C:\\Users\\nunog\\Documents\\Universidad\\Proyectos GitHub\\ISPP\\frontend\\node_modules\\jest-circus\\build\\legacy-code-todo-rewrite\\jestAdapterInit.js:170:21)\n    at jestAdapter (C:\\Users\\nunog\\Documents\\Universidad\\Proyectos GitHub\\ISPP\\frontend\\node_modules\\jest-circus\\build\\legacy-code-todo-rewrite\\jestAdapter.js:82:19)\n    at runTestInternal (C:\\Users\\nunog\\Documents\\Universidad\\Proyectos GitHub\\ISPP\\frontend\\node_modules\\jest-runner\\build\\runTest.js:389:16)\n    at runTest (C:\\Users\\nunog\\Documents\\Universidad\\Proyectos GitHub\\ISPP\\frontend\\node_modules\\jest-runner\\build\\runTest.js:475:34)\n    at Object.worker (C:\\Users\\nunog\\Documents\\Universidad\\Proyectos GitHub\\ISPP\\frontend\\node_modules\\jest-runner\\build\\testWorker.js:133:12)"],"fullName":"CuestionariosPublicos title shows","location":null,"status":"failed","title":"title shows"}],"endTime":1776254368774,"message":"\u001b[1m\u001b[31m  \u001b[1m● \u001b[22m\u001b[1mCuestionariosPublicos › title shows\u001b[39m\u001b[22m\n\n    TestingLibraryElementError: Unable to find an element with the text: Cuestionarios públicos. This could be because the text is broken up by multiple elements. In this case, you can provide a function for your text matcher to make your matcher more flexible.\n\n    Ignored nodes: comments, script, style\n    \u001b[36m<body>\u001b[39m\n      \u001b[36m<div>\u001b[39m\n        \u001b[36m<div\u001b[39m\n          \u001b[33mdata-testid\u001b[39m=\u001b[32m\"header\"\u001b[39m\n        \u001b[36m>\u001b[39m\n          \u001b[0mHeader\u001b[0m\n        \u001b[36m</div>\u001b[39m\n        \u001b[36m<div\u001b[39m\n          \u001b[33mclass\u001b[39m=\u001b[32m\"quizzes-hero\"\u001b[39m\n        \u001b[36m>\u001b[39m\n          \u001b[36m<div\u001b[39m\n            \u001b[33maria-hidden\u001b[39m=\u001b[32m\"true\"\u001b[39m\n            \u001b[33mclass\u001b[39m=\u001b[32m\"quizzes-hero__decoration\"\u001b[39m\n          \u001b[36m/>\u001b[39m\n          \u001b[36m<div\u001b[39m\n            \u001b[33mclass\u001b[39m=\u001b[32m\"quizzes-hero__content\"\u001b[39m\n          \u001b[36m>\u001b[39m\n            \u001b[36m<span\u001b[39m\n              \u001b[33mclass\u001b[39m=\u001b[32m\"quizzes-hero__badge\"\u001b[39m\n            \u001b[36m>\u001b[39m\n              \u001b[0mAprende · Evalúa · Mejora\u001b[0m\n            \u001b[36m</span>\u001b[39m\n            \u001b[36m<h1\u001b[39m\n              \u001b[33mclass\u001b[39m=\u001b[32m\"quizzes-hero__title\"\u001b[39m\n            \u001b[36m>\u001b[39m\n              \u001b[0mCuestionarios\u001b[0m\n            \u001b[36m</h1>\u001b[39m\n            \u001b[36m<p\u001b[39m\n              \u001b[33mclass\u001b[39m=\u001b[32m\"quizzes-hero__subtitle\"\u001b[39m\n            \u001b[36m>\u001b[39m\n              \u001b[0mPon a prueba tus conocimientos con cuestionarios creados por la comunidad\u001b[0m\n            \u001b[36m</p>\u001b[39m\n          \u001b[36m</div>\u001b[39m\n        \u001b[36m</div>\u001b[39m\n        \u001b[36m<div\u001b[39m\n          \u001b[33mclass\u001b[39m=\u001b[32m\"quizzes-public-page\"\u001b[39m\n        \u001b[36m>\u001b[39m\n          \u001b[36m<div\u001b[39m\n            \u001b[33mclass\u001b[39m=\u001b[32m\"quizzes-public-loading\"\u001b[39m\n          \u001b[36m>\u001b[39m\n            \u001b[0mCargando cuestionarios...\u001b[0m\n          \u001b[36m</div>\u001b[39m\n        \u001b[36m</div>\u001b[39m\n      \u001b[36m</div>\u001b[39m\n    \u001b[36m</body>\u001b[39m\n\u001b[2m\u001b[22m\n\u001b[2m    \u001b[0m \u001b[90m 94 |\u001b[39m     cuestionariosApi\u001b[33m.\u001b[39mlistPublic\u001b[33m.\u001b[39mmockResolvedValue([])\u001b[33m;\u001b[39m\u001b[22m\n\u001b[2m     \u001b[90m 95 |\u001b[39m     render(\u001b[33m<\u001b[39m\u001b[33mMemoryRouter\u001b[39m\u001b[33m>\u001b[39m\u001b[33m<\u001b[39m\u001b[33mCuestionariosPublicos\u001b[39m \u001b[33m/\u001b[39m\u001b[33m>\u001b[39m\u001b[33m<\u001b[39m\u001b[33m/\u001b[39m\u001b[33mMemoryRouter\u001b[39m\u001b[33m>\u001b[39m)\u001b[33m;\u001b[39m\u001b[22m\n\u001b[2m    \u001b[31m\u001b[1m>\u001b[22m\u001b[2m\u001b[39m\u001b[90m 96 |\u001b[39m     expect(screen\u001b[33m.\u001b[39mgetByText(\u001b[32m'Cuestionarios públicos'\u001b[39m))\u001b[33m.\u001b[39mtoBeInTheDocument()\u001b[33m;\u001b[39m\u001b[22m\n\u001b[2m     \u001b[90m    |\u001b[39m                   \u001b[31m\u001b[1m^\u001b[22m\u001b[2m\u001b[39m\u001b[22m\n\u001b[2m     \u001b[90m 97 |\u001b[39m   })\u001b[33m;\u001b[39m\u001b[22m\n\u001b[2m     \u001b[90m 98 |\u001b[39m })\u001b[33m;\u001b[39m\u001b[22m\n\u001b[2m     \u001b[90m 99 |\u001b[39m\u001b[0m\u001b[22m\n\u001b[2m\u001b[22m\n\u001b[2m      \u001b[2mat Object.getElementError (\u001b[22m\u001b[2mnode_modules/@testing-library/dom/dist/config.js\u001b[2m:37:19)\u001b[22m\u001b[2m\u001b[22m\n\u001b[2m      \u001b[2mat \u001b[22m\u001b[2mnode_modules/@testing-library/dom/dist/query-helpers.js\u001b[2m:76:38\u001b[22m\u001b[2m\u001b[22m\n\u001b[2m      \u001b[2mat \u001b[22m\u001b[2mnode_modules/@testing-library/dom/dist/query-helpers.js\u001b[2m:52:17\u001b[22m\u001b[2m\u001b[22m\n\u001b[2m      \u001b[2mat getByText (\u001b[22m\u001b[2mnode_modules/@testing-library/dom/dist/query-helpers.js\u001b[2m:95:19)\u001b[22m\u001b[2m\u001b[22m\n\u001b[2m      \u001b[2mat Object.<anonymous> (\u001b[22m\u001b[2m\u001b[0m\u001b[36msrc/screens/cuestionarios/CuestionariosPublicos.test.js\u001b[39m\u001b[0m\u001b[2m:96:19)\u001b[22m\u001b[2m\u001b[22m\n","name":"C:\\Users\\nunog\\Documents\\Universidad\\Proyectos GitHub\\ISPP\\frontend\\src\\screens\\cuestionarios\\CuestionariosPublicos.test.js","startTime":1776254365519,"status":"failed","summary":""},{"assertionResults":[{"ancestorTitles":["Chats","resolveCommunityImage"],"failureMessages":[],"fullName":"Chats resolveCommunityImage returns default when no image","location":null,"status":"passed","title":"returns default when no image"},{"ancestorTitles":["Chats","resolveCommunityImage"],"failureMessages":[],"fullName":"Chats resolveCommunityImage returns default for empty string","location":null,"status":"passed","title":"returns default for empty string"},{"ancestorTitles":["Chats","resolveCommunityImage"],"failureMessages":[],"fullName":"Chats resolveCommunityImage returns default for \"null\" string","location":null,"status":"passed","title":"returns default for \"null\" string"},{"ancestorTitles":["Chats","resolveCommunityImage"],"failureMessages":[],"fullName":"Chats resolveCommunityImage returns default for \"empty\" string","location":null,"status":"passed","title":"returns default for \"empty\" string"},{"ancestorTitles":["Chats","resolveCommunityImage"],"failureMessages":[],"fullName":"Chats resolveCommunityImage returns http url as-is","location":null,"status":"passed","title":"returns http url as-is"},{"ancestorTitles":["Chats","resolveCommunityImage"],"failureMessages":[],"fullName":"Chats resolveCommunityImage returns data url as-is","location":null,"status":"passed","title":"returns data url as-is"},{"ancestorTitles":["Chats","resolveCommunityImage"],"failureMessages":[],"fullName":"Chats resolveCommunityImage prepends base for relative path starting with /","location":null,"status":"passed","title":"prepends base for relative path starting with /"},{"ancestorTitles":["Chats","resolveCommunityImage"],"failureMessages":[],"fullName":"Chats resolveCommunityImage prepends base with / for relative path not starting with /","location":null,"status":"passed","title":"prepends base with / for relative path not starting with /"},{"ancestorTitles":["Chats","resolveCommunityImage"],"failureMessages":[],"fullName":"Chats resolveCommunityImage uses imagenUrl fallback","location":null,"status":"passed","title":"uses imagenUrl fallback"},{"ancestorTitles":["Chats","resolveCommunityImage"],"failureMessages":[],"fullName":"Chats resolveCommunityImage uses foto fallback","location":null,"status":"passed","title":"uses foto fallback"},{"ancestorTitles":["Chats","resolveCommunityImage"],"failureMessages":[],"fullName":"Chats resolveCommunityImage returns default for \"undefined\" string","location":null,"status":"passed","title":"returns default for \"undefined\" string"},{"ancestorTitles":["Chats","resolveCommunityImage"],"failureMessages":[],"fullName":"Chats resolveCommunityImage returns default for blob url","location":null,"status":"passed","title":"returns default for blob url"},{"ancestorTitles":["Chats","Renderizado inicial"],"failureMessages":[],"fullName":"Chats Renderizado inicial debería renderizar el componente con Header","location":null,"status":"passed","title":"debería renderizar el componente con Header"},{"ancestorTitles":["Chats","Renderizado inicial"],"failureMessages":["TestingLibraryElementError: Found multiple elements with the role \"heading\" and name `/Chats/i`\n\nHere are the matching elements:\n\nIgnored nodes: comments, script, style\n\u001b[36m<h1\u001b[39m\n  \u001b[33mclass\u001b[39m=\u001b[32m\"chats-hero__title\"\u001b[39m\n\u001b[36m>\u001b[39m\n  \u001b[0mChats\u001b[0m\n\u001b[36m</h1>\u001b[39m\n\nIgnored nodes: comments, script, style\n\u001b[36m<h3>\u001b[39m\n  \u001b[0mNo tienes chats de comunidades\u001b[0m\n\u001b[36m</h3>\u001b[39m\n\n(If this is intentional, then use the `*AllBy*` variant of the query (like `queryAllByText`, `getAllByText`, or `findAllByText`)).\n\nIgnored nodes: comments, script, style\n\u001b[36m<body>\u001b[39m\n  \u001b[36m<div>\u001b[39m\n    \u001b[36m<div\u001b[39m\n      \u001b[33mdata-testid\u001b[39m=\u001b[32m\"mock-header\"\u001b[39m\n    \u001b[36m>\u001b[39m\n      \u001b[0mHeader\u001b[0m\n    \u001b[36m</div>\u001b[39m\n    \u001b[36m<div\u001b[39m\n      \u001b[33mclass\u001b[39m=\u001b[32m\"chats-hero\"\u001b[39m\n    \u001b[36m>\u001b[39m\n      \u001b[36m<div\u001b[39m\n        \u001b[33maria-hidden\u001b[39m=\u001b[32m\"true\"\u001b[39m\n        \u001b[33mclass\u001b[39m=\u001b[32m\"chats-hero__decoration\"\u001b[39m\n      \u001b[36m/>\u001b[39m\n      \u001b[36m<div\u001b[39m\n        \u001b[33mclass\u001b[39m=\u001b[32m\"chats-hero__content\"\u001b[39m\n      \u001b[36m>\u001b[39m\n        \u001b[36m<span\u001b[39m\n          \u001b[33mclass\u001b[39m=\u001b[32m\"chats-hero__badge\"\u001b[39m\n        \u001b[36m>\u001b[39m\n          \u001b[0mMensajería\u001b[0m\n        \u001b[36m</span>\u001b[39m\n        \u001b[36m<h1\u001b[39m\n          \u001b[33mclass\u001b[39m=\u001b[32m\"chats-hero__title\"\u001b[39m\n        \u001b[36m>\u001b[39m\n          \u001b[0mChats\u001b[0m\n        \u001b[36m</h1>\u001b[39m\n        \u001b[36m<p\u001b[39m\n          \u001b[33mclass\u001b[39m=\u001b[32m\"chats-hero__subtitle\"\u001b[39m\n        \u001b[36m>\u001b[39m\n          \u001b[0mGestiona tus conversaciones de comunidades y chats privados\u001b[0m\n        \u001b[36m</p>\u001b[39m\n      \u001b[36m</div>\u001b[39m\n    \u001b[36m</div>\u001b[39m\n    \u001b[36m<div\u001b[39m\n      \u001b[33mclass\u001b[39m=\u001b[32m\"chats-container\"\u001b[39m\n    \u001b[36m>\u001b[39m\n      \u001b[36m<div\u001b[39m\n        \u001b[33mclass\u001b[39m=\u001b[32m\"chats-tabs\"\u001b[39m\n      \u001b[36m>\u001b[39m\n        \u001b[36m<button\u001b[39m\n          \u001b[33mclass\u001b[39m=\u001b[32m\"chats-tab active\"\u001b[39m\n          \u001b[33mtype\u001b[39m=\u001b[32m\"button\"\u001b[39m\n        \u001b[36m>\u001b[39m\n          \u001b[0mComunidades\u001b[0m\n          \u001b[36m<span\u001b[39m\n            \u001b[33mclass\u001b[39m=\u001b[32m\"chats-tab-badge\"\u001b[39m\n          \u001b[36m>\u001b[39m\n            \u001b[0m3\u001b[0m\n          \u001b[36m</span>\u001b[39m\n        \u001b[36m</button>\u001b[39m\n        \u001b[36m<button\u001b[39m\n          \u001b[33mclass\u001b[39m=\u001b[32m\"chats-tab \"\u001b[39m\n          \u001b[33mtype\u001b[39m=\u001b[32m\"button\"\u001b[39m\n        \u001b[36m>\u001b[39m\n          \u001b[0mPrivados\u001b[0m\n        \u001b[36m</button>\u001b[39m\n      \u001b[36m</div>\u001b[39m\n      \u001b[36m<div\u001b[39m\n        \u001b[33mclass\u001b[39m=\u001b[32m\"chats-empty\"\u001b[39m\n      \u001b[36m>\u001b[39m\n        \u001b[36m<h3>\u001b[39m\n          \u001b[0mNo tienes chats de comunidades\u001b[0m\n        \u001b[36m</h3>\u001b[39m\n        \u001b[36m<p>\u001b[39m\n          \u001b[0mÚnete a una comunidad para empezar a chatear.\u001b[0m\n        \u001b[36m</p>\u001b[39m\n        \u001b[36m<button>\u001b[39m\n          \u001b[0mExplorar comunidades\u001b[0m\n        \u001b[36m</button>\u001b[39m\n      \u001b[36m</div>\u001b[39m\n    \u001b[36m</div>\u001b[39m\n  \u001b[36m</div>\u001b[39m\n\u001b[36m</body>\u001b[39m\n    at Object.getElementError (C:\\Users\\nunog\\Documents\\Universidad\\Proyectos GitHub\\ISPP\\frontend\\node_modules\\@testing-library\\dom\\dist\\config.js:37:19)\n    at getElementError (C:\\Users\\nunog\\Documents\\Universidad\\Proyectos GitHub\\ISPP\\frontend\\node_modules\\@testing-library\\dom\\dist\\query-helpers.js:20:35)\n    at getMultipleElementsFoundError (C:\\Users\\nunog\\Documents\\Universidad\\Proyectos GitHub\\ISPP\\frontend\\node_modules\\@testing-library\\dom\\dist\\query-helpers.js:23:10)\n    at C:\\Users\\nunog\\Documents\\Universidad\\Proyectos GitHub\\ISPP\\frontend\\node_modules\\@testing-library\\dom\\dist\\query-helpers.js:55:13\n    at getByRole (C:\\Users\\nunog\\Documents\\Universidad\\Proyectos GitHub\\ISPP\\frontend\\node_modules\\@testing-library\\dom\\dist\\query-helpers.js:95:19)\n    at Object.<anonymous> (C:\\Users\\nunog\\Documents\\Universidad\\Proyectos GitHub\\ISPP\\frontend\\src\\screens\\chat\\Chats.test.js:172:27)"],"fullName":"Chats Renderizado inicial debería mostrar el hero con título","location":null,"status":"failed","title":"debería mostrar el hero con título"},{"ancestorTitles":["Chats","Renderizado inicial"],"failureMessages":[],"fullName":"Chats Renderizado inicial redirige a /login si no hay accessToken","location":null,"status":"passed","title":"redirige a /login si no hay accessToken"},{"ancestorTitles":["Chats","Navegación de pestañas"],"failureMessages":[],"fullName":"Chats Navegación de pestañas debería tener pestaña Comunidades y Privados","location":null,"status":"passed","title":"debería tener pestaña Comunidades y Privados"},{"ancestorTitles":["Chats","Navegación de pestañas"],"failureMessages":[],"fullName":"Chats Navegación de pestañas pestaña comunidades activa por defecto","location":null,"status":"passed","title":"pestaña comunidades activa por defecto"},{"ancestorTitles":["Chats","Navegación de pestañas"],"failureMessages":[],"fullName":"Chats Navegación de pestañas cambia a pestaña privados al hacer clic","location":null,"status":"passed","title":"cambia a pestaña privados al hacer clic"},{"ancestorTitles":["Chats","Navegación de pestañas"],"failureMessages":[],"fullName":"Chats Navegación de pestañas muestra badge con no leídos de comunidades","location":null,"status":"passed","title":"muestra badge con no leídos de comunidades"},{"ancestorTitles":["Chats","Lista de comunidades"],"failureMessages":[],"fullName":"Chats Lista de comunidades muestra comunidades cargadas en el sidebar","location":null,"status":"passed","title":"muestra comunidades cargadas en el sidebar"},{"ancestorTitles":["Chats","Lista de comunidades"],"failureMessages":[],"fullName":"Chats Lista de comunidades muestra CommunityChat para comunidad seleccionada","location":null,"status":"passed","title":"muestra CommunityChat para comunidad seleccionada"},{"ancestorTitles":["Chats","Lista de comunidades"],"failureMessages":[],"fullName":"Chats Lista de comunidades muestra estado vacío si no hay comunidades","location":null,"status":"passed","title":"muestra estado vacío si no hay comunidades"},{"ancestorTitles":["Chats","Lista de comunidades"],"failureMessages":[],"fullName":"Chats Lista de comunidades muestra botón explorar comunidades","location":null,"status":"passed","title":"muestra botón explorar comunidades"},{"ancestorTitles":["Chats","Lista de comunidades"],"failureMessages":[],"fullName":"Chats Lista de comunidades muestra error si falla la carga","location":null,"status":"passed","title":"muestra error si falla la carga"},{"ancestorTitles":["Chats","Conversaciones privadas"],"failureMessages":[],"fullName":"Chats Conversaciones privadas muestra conversaciones con último mensaje","location":null,"status":"passed","title":"muestra conversaciones con último mensaje"},{"ancestorTitles":["Chats","Loading state"],"failureMessages":[],"fullName":"Chats Loading state muestra cargando chats inicialmente","location":null,"status":"passed","title":"muestra cargando chats inicialmente"},{"ancestorTitles":["Chats","Query params userId"],"failureMessages":[],"fullName":"Chats Query params userId activa tab privados si viene userId en params","location":null,"status":"passed","title":"activa tab privados si viene userId en params"},{"ancestorTitles":["Chats","Integración WebSocket"],"failureMessages":[],"fullName":"Chats Integración WebSocket debería configurar la conexión WebSocket para mensajería","location":null,"status":"passed","title":"debería configurar la conexión WebSocket para mensajería"},{"ancestorTitles":["Chats","Integración WebSocket"],"failureMessages":[],"fullName":"Chats Integración WebSocket debería soportar reconexión automática","location":null,"status":"passed","title":"debería soportar reconexión automática"},{"ancestorTitles":["Chats","Community selection"],"failureMessages":[],"fullName":"Chats Community selection selects and shows community chat in sidebar","location":null,"status":"passed","title":"selects and shows community chat in sidebar"},{"ancestorTitles":["Chats","Community selection"],"failureMessages":[],"fullName":"Chats Community selection shows description of communities in sidebar","location":null,"status":"passed","title":"shows description of communities in sidebar"},{"ancestorTitles":["Chats","Community selection"],"failureMessages":[],"fullName":"Chats Community selection shows \"Sin descripción disponible.\" for community without description","location":null,"status":"passed","title":"shows \"Sin descripción disponible.\" for community without description"},{"ancestorTitles":["Chats","Private chat interactions"],"failureMessages":[],"fullName":"Chats Private chat interactions opens private chat when clicking a conversation","location":null,"status":"passed","title":"opens private chat when clicking a conversation"},{"ancestorTitles":["Chats","Private chat interactions"],"failureMessages":[],"fullName":"Chats Private chat interactions shows unread badge on private conversations","location":null,"status":"passed","title":"shows unread badge on private conversations"},{"ancestorTitles":["Chats","Private chat interactions"],"failureMessages":[],"fullName":"Chats Private chat interactions shows correct last message in private conversations","location":null,"status":"passed","title":"shows correct last message in private conversations"},{"ancestorTitles":["Chats","Private chat interactions"],"failureMessages":[],"fullName":"Chats Private chat interactions fetches user profile when userId param provided","location":null,"status":"passed","title":"fetches user profile when userId param provided"},{"ancestorTitles":["Chats","Private chat interactions"],"failureMessages":[],"fullName":"Chats Private chat interactions shows private chat panel for target from query params","location":null,"status":"passed","title":"shows private chat panel for target from query params"},{"ancestorTitles":["Chats","Private chat interactions"],"failureMessages":[],"fullName":"Chats Private chat interactions handles no private conversations empty state","location":null,"status":"passed","title":"handles no private conversations empty state"},{"ancestorTitles":["Chats","Mute button"],"failureMessages":[],"fullName":"Chats Mute button renders mute button for selected community","location":null,"status":"passed","title":"renders mute button for selected community"},{"ancestorTitles":["Chats","Community pagination"],"failureMessages":[],"fullName":"Chats Community pagination loads multiple pages of communities","location":null,"status":"passed","title":"loads multiple pages of communities"},{"ancestorTitles":["Chats","resolveCommunityImage edge cases"],"failureMessages":[],"fullName":"Chats resolveCommunityImage edge cases returns base url for relative path without slash","location":null,"status":"passed","title":"returns base url for relative path without slash"}],"endTime":1776254372080,"message":"\u001b[1m\u001b[31m  \u001b[1m● \u001b[22m\u001b[1mChats › Renderizado inicial › debería mostrar el hero con título\u001b[39m\u001b[22m\n\n    TestingLibraryElementError: Found multiple elements with the role \"heading\" and name `/Chats/i`\n\n    Here are the matching elements:\n\n    Ignored nodes: comments, script, style\n    \u001b[36m<h1\u001b[39m\n      \u001b[33mclass\u001b[39m=\u001b[32m\"chats-hero__title\"\u001b[39m\n    \u001b[36m>\u001b[39m\n      \u001b[0mChats\u001b[0m\n    \u001b[36m</h1>\u001b[39m\n\n    Ignored nodes: comments, script, style\n    \u001b[36m<h3>\u001b[39m\n      \u001b[0mNo tienes chats de comunidades\u001b[0m\n    \u001b[36m</h3>\u001b[39m\n\n    (If this is intentional, then use the `*AllBy*` variant of the query (like `queryAllByText`, `getAllByText`, or `findAllByText`)).\n\n    Ignored nodes: comments, script, style\n    \u001b[36m<body>\u001b[39m\n      \u001b[36m<div>\u001b[39m\n        \u001b[36m<div\u001b[39m\n          \u001b[33mdata-testid\u001b[39m=\u001b[32m\"mock-header\"\u001b[39m\n        \u001b[36m>\u001b[39m\n          \u001b[0mHeader\u001b[0m\n        \u001b[36m</div>\u001b[39m\n        \u001b[36m<div\u001b[39m\n          \u001b[33mclass\u001b[39m=\u001b[32m\"chats-hero\"\u001b[39m\n        \u001b[36m>\u001b[39m\n          \u001b[36m<div\u001b[39m\n            \u001b[33maria-hidden\u001b[39m=\u001b[32m\"true\"\u001b[39m\n            \u001b[33mclass\u001b[39m=\u001b[32m\"chats-hero__decoration\"\u001b[39m\n          \u001b[36m/>\u001b[39m\n          \u001b[36m<div\u001b[39m\n            \u001b[33mclass\u001b[39m=\u001b[32m\"chats-hero__content\"\u001b[39m\n          \u001b[36m>\u001b[39m\n            \u001b[36m<span\u001b[39m\n              \u001b[33mclass\u001b[39m=\u001b[32m\"chats-hero__badge\"\u001b[39m\n            \u001b[36m>\u001b[39m\n              \u001b[0mMensajería\u001b[0m\n            \u001b[36m</span>\u001b[39m\n            \u001b[36m<h1\u001b[39m\n              \u001b[33mclass\u001b[39m=\u001b[32m\"chats-hero__title\"\u001b[39m\n            \u001b[36m>\u001b[39m\n              \u001b[0mChats\u001b[0m\n            \u001b[36m</h1>\u001b[39m\n            \u001b[36m<p\u001b[39m\n              \u001b[33mclass\u001b[39m=\u001b[32m\"chats-hero__subtitle\"\u001b[39m\n            \u001b[36m>\u001b[39m\n              \u001b[0mGestiona tus conversaciones de comunidades y chats privados\u001b[0m\n            \u001b[36m</p>\u001b[39m\n          \u001b[36m</div>\u001b[39m\n        \u001b[36m</div>\u001b[39m\n        \u001b[36m<div\u001b[39m\n          \u001b[33mclass\u001b[39m=\u001b[32m\"chats-container\"\u001b[39m\n        \u001b[36m>\u001b[39m\n          \u001b[36m<div\u001b[39m\n            \u001b[33mclass\u001b[39m=\u001b[32m\"chats-tabs\"\u001b[39m\n          \u001b[36m>\u001b[39m\n            \u001b[36m<button\u001b[39m\n              \u001b[33mclass\u001b[39m=\u001b[32m\"chats-tab active\"\u001b[39m\n              \u001b[33mtype\u001b[39m=\u001b[32m\"button\"\u001b[39m\n            \u001b[36m>\u001b[39m\n              \u001b[0mComunidades\u001b[0m\n              \u001b[36m<span\u001b[39m\n                \u001b[33mclass\u001b[39m=\u001b[32m\"chats-tab-badge\"\u001b[39m\n              \u001b[36m>\u001b[39m\n                \u001b[0m3\u001b[0m\n              \u001b[36m</span>\u001b[39m\n            \u001b[36m</button>\u001b[39m\n            \u001b[36m<button\u001b[39m\n              \u001b[33mclass\u001b[39m=\u001b[32m\"chats-tab \"\u001b[39m\n              \u001b[33mtype\u001b[39m=\u001b[32m\"button\"\u001b[39m\n            \u001b[36m>\u001b[39m\n              \u001b[0mPrivados\u001b[0m\n            \u001b[36m</button>\u001b[39m\n          \u001b[36m</div>\u001b[39m\n          \u001b[36m<div\u001b[39m\n            \u001b[33mclass\u001b[39m=\u001b[32m\"chats-empty\"\u001b[39m\n          \u001b[36m>\u001b[39m\n            \u001b[36m<h3>\u001b[39m\n              \u001b[0mNo tienes chats de comunidades\u001b[0m\n            \u001b[36m</h3>\u001b[39m\n            \u001b[36m<p>\u001b[39m\n              \u001b[0mÚnete a una comunidad para empezar a chatear.\u001b[0m\n            \u001b[36m</p>\u001b[39m\n            \u001b[36m<button>\u001b[39m\n              \u001b[0mExplorar comunidades\u001b[0m\n            \u001b[36m</button>\u001b[39m\n          \u001b[36m</div>\u001b[39m\n        \u001b[36m</div>\u001b[39m\n      \u001b[36m</div>\u001b[39m\n    \u001b[36m</body>\u001b[39m\n\u001b[2m\u001b[22m\n\u001b[2m    \u001b[0m \u001b[90m 170 |\u001b[39m                 render(\u001b[33m<\u001b[39m\u001b[33mMemoryRouter\u001b[39m\u001b[33m>\u001b[39m\u001b[33m<\u001b[39m\u001b[33mChats\u001b[39m \u001b[33m/\u001b[39m\u001b[33m>\u001b[39m\u001b[33m<\u001b[39m\u001b[33m/\u001b[39m\u001b[33mMemoryRouter\u001b[39m\u001b[33m>\u001b[39m)\u001b[33m;\u001b[39m\u001b[22m\n\u001b[2m     \u001b[90m 171 |\u001b[39m             })\u001b[33m;\u001b[39m\u001b[22m\n\u001b[2m    \u001b[31m\u001b[1m>\u001b[22m\u001b[2m\u001b[39m\u001b[90m 172 |\u001b[39m             expect(screen\u001b[33m.\u001b[39mgetByRole(\u001b[32m'heading'\u001b[39m\u001b[33m,\u001b[39m { name\u001b[33m:\u001b[39m \u001b[35m/Chats/i\u001b[39m }))\u001b[33m.\u001b[39mtoBeInTheDocument()\u001b[33m;\u001b[39m\u001b[22m\n\u001b[2m     \u001b[90m     |\u001b[39m                           \u001b[31m\u001b[1m^\u001b[22m\u001b[2m\u001b[39m\u001b[22m\n\u001b[2m     \u001b[90m 173 |\u001b[39m         })\u001b[33m;\u001b[39m\u001b[22m\n\u001b[2m     \u001b[90m 174 |\u001b[39m\u001b[22m\n\u001b[2m     \u001b[90m 175 |\u001b[39m         it(\u001b[32m'redirige a /login si no hay accessToken'\u001b[39m\u001b[33m,\u001b[39m \u001b[36masync\u001b[39m () \u001b[33m=>\u001b[39m {\u001b[0m\u001b[22m\n\u001b[2m\u001b[22m\n\u001b[2m      \u001b[2mat Object.getElementError (\u001b[22m\u001b[2mnode_modules/@testing-library/dom/dist/config.js\u001b[2m:37:19)\u001b[22m\u001b[2m\u001b[22m\n\u001b[2m      \u001b[2mat getElementError (\u001b[22m\u001b[2mnode_modules/@testing-library/dom/dist/query-helpers.js\u001b[2m:20:35)\u001b[22m\u001b[2m\u001b[22m\n\u001b[2m      \u001b[2mat getMultipleElementsFoundError (\u001b[22m\u001b[2mnode_modules/@testing-library/dom/dist/query-helpers.js\u001b[2m:23:10)\u001b[22m\u001b[2m\u001b[22m\n\u001b[2m      \u001b[2mat \u001b[22m\u001b[2mnode_modules/@testing-library/dom/dist/query-helpers.js\u001b[2m:55:13\u001b[22m\u001b[2m\u001b[22m\n\u001b[2m      \u001b[2mat getByRole (\u001b[22m\u001b[2mnode_modules/@testing-library/dom/dist/query-helpers.js\u001b[2m:95:19)\u001b[22m\u001b[2m\u001b[22m\n\u001b[2m      \u001b[2mat Object.<anonymous> (\u001b[22m\u001b[2m\u001b[0m\u001b[36msrc/screens/chat/Chats.test.js\u001b[39m\u001b[0m\u001b[2m:172:27)\u001b[22m\u001b[2m\u001b[22m\n","name":"C:\\Users\\nunog\\Documents\\Universidad\\Proyectos GitHub\\ISPP\\frontend\\src\\screens\\chat\\Chats.test.js","startTime":1776254365521,"status":"failed","summary":""},{"assertionResults":[{"ancestorTitles":["PrivateChat"],"failureMessages":[],"fullName":"PrivateChat renders header with tutor name","location":null,"status":"passed","title":"renders header with tutor name"},{"ancestorTitles":["PrivateChat"],"failureMessages":[],"fullName":"PrivateChat shows En línea status","location":null,"status":"passed","title":"shows En línea status"},{"ancestorTitles":["PrivateChat"],"failureMessages":[],"fullName":"PrivateChat shows loading state while fetching history","location":null,"status":"passed","title":"shows loading state while fetching history"},{"ancestorTitles":["PrivateChat"],"failureMessages":[],"fullName":"PrivateChat shows empty state with no messages","location":null,"status":"passed","title":"shows empty state with no messages"},{"ancestorTitles":["PrivateChat"],"failureMessages":[],"fullName":"PrivateChat calls obtenerHistorialPrivado on mount","location":null,"status":"passed","title":"calls obtenerHistorialPrivado on mount"},{"ancestorTitles":["PrivateChat"],"failureMessages":[],"fullName":"PrivateChat renders messages from history","location":null,"status":"passed","title":"renders messages from history"},{"ancestorTitles":["PrivateChat"],"failureMessages":[],"fullName":"PrivateChat shows editado badge on edited messages","location":null,"status":"passed","title":"shows editado badge on edited messages"},{"ancestorTitles":["PrivateChat"],"failureMessages":[],"fullName":"PrivateChat renders headerActions when provided","location":null,"status":"passed","title":"renders headerActions when provided"},{"ancestorTitles":["PrivateChat"],"failureMessages":[],"fullName":"PrivateChat does not render Volver when no onClose","location":null,"status":"passed","title":"does not render Volver when no onClose"},{"ancestorTitles":["PrivateChat"],"failureMessages":[],"fullName":"PrivateChat calls onClose when Volver clicked","location":null,"status":"passed","title":"calls onClose when Volver clicked"},{"ancestorTitles":["PrivateChat"],"failureMessages":[],"fullName":"PrivateChat sends a text message on submit","location":null,"status":"passed","title":"sends a text message on submit"},{"ancestorTitles":["PrivateChat"],"failureMessages":[],"fullName":"PrivateChat disables submit when input is empty","location":null,"status":"passed","title":"disables submit when input is empty"},{"ancestorTitles":["PrivateChat"],"failureMessages":[],"fullName":"PrivateChat clears input after sending","location":null,"status":"passed","title":"clears input after sending"},{"ancestorTitles":["PrivateChat"],"failureMessages":[],"fullName":"PrivateChat shows error when send fails","location":null,"status":"passed","title":"shows error when send fails"},{"ancestorTitles":["PrivateChat"],"failureMessages":[],"fullName":"PrivateChat opens edit form and saves edited message","location":null,"status":"passed","title":"opens edit form and saves edited message"},{"ancestorTitles":["PrivateChat"],"failureMessages":[],"fullName":"PrivateChat cancels edit when clicking Cancelar","location":null,"status":"passed","title":"cancels edit when clicking Cancelar"},{"ancestorTitles":["PrivateChat"],"failureMessages":[],"fullName":"PrivateChat shows error when edit fails","location":null,"status":"passed","title":"shows error when edit fails"},{"ancestorTitles":["PrivateChat"],"failureMessages":[],"fullName":"PrivateChat deletes a message","location":null,"status":"passed","title":"deletes a message"},{"ancestorTitles":["PrivateChat"],"failureMessages":[],"fullName":"PrivateChat shows error when delete fails","location":null,"status":"passed","title":"shows error when delete fails"},{"ancestorTitles":["PrivateChat"],"failureMessages":[],"fullName":"PrivateChat shows Adjuntar label","location":null,"status":"passed","title":"shows Adjuntar label"},{"ancestorTitles":["PrivateChat"],"failureMessages":[],"fullName":"PrivateChat sends file when attached","location":null,"status":"passed","title":"sends file when attached"},{"ancestorTitles":["PrivateChat"],"failureMessages":[],"fullName":"PrivateChat shows and removes pending attachment","location":null,"status":"passed","title":"shows and removes pending attachment"},{"ancestorTitles":["PrivateChat"],"failureMessages":[],"fullName":"PrivateChat renders file attachment card for messages with files","location":null,"status":"passed","title":"renders file attachment card for messages with files"},{"ancestorTitles":["PrivateChat"],"failureMessages":[],"fullName":"PrivateChat subscribes to socket events on mount","location":null,"status":"passed","title":"subscribes to socket events on mount"},{"ancestorTitles":["PrivateChat"],"failureMessages":[],"fullName":"PrivateChat handles incoming DM message via socket","location":null,"status":"passed","title":"handles incoming DM message via socket"},{"ancestorTitles":["PrivateChat"],"failureMessages":[],"fullName":"PrivateChat handles socket delete event","location":null,"status":"passed","title":"handles socket delete event"},{"ancestorTitles":["PrivateChat"],"failureMessages":[],"fullName":"PrivateChat handles socket update event","location":null,"status":"passed","title":"handles socket update event"},{"ancestorTitles":["PrivateChat"],"failureMessages":[],"fullName":"PrivateChat handles socket error event","location":null,"status":"passed","title":"handles socket error event"},{"ancestorTitles":["PrivateChat"],"failureMessages":[],"fullName":"PrivateChat sends auto greeting when autoStart is true","location":null,"status":"passed","title":"sends auto greeting when autoStart is true"},{"ancestorTitles":["PrivateChat"],"failureMessages":[],"fullName":"PrivateChat does not resend auto greeting after user deletes it","location":null,"status":"passed","title":"does not resend auto greeting after user deletes it"}],"endTime":1776254372559,"message":"","name":"C:\\Users\\nunog\\Documents\\Universidad\\Proyectos GitHub\\ISPP\\frontend\\src\\screens\\chat\\PrivateChat.test.js","startTime":1776254368929,"status":"passed","summary":""},{"assertionResults":[{"ancestorTitles":["TeacherProfile"],"failureMessages":[],"fullName":"TeacherProfile muestra loading mientras carga el perfil","location":null,"status":"passed","title":"muestra loading mientras carga el perfil"},{"ancestorTitles":["TeacherProfile"],"failureMessages":[],"fullName":"TeacherProfile muestra el nombre del profesor","location":null,"status":"passed","title":"muestra el nombre del profesor"},{"ancestorTitles":["TeacherProfile"],"failureMessages":[],"fullName":"TeacherProfile muestra la foto del profesor","location":null,"status":"passed","title":"muestra la foto del profesor"},{"ancestorTitles":["TeacherProfile"],"failureMessages":[],"fullName":"TeacherProfile muestra las especialidades del profesor","location":null,"status":"passed","title":"muestra las especialidades del profesor"},{"ancestorTitles":["TeacherProfile"],"failureMessages":[],"fullName":"TeacherProfile muestra la insignia de verificado cuando está verificado","location":null,"status":"passed","title":"muestra la insignia de verificado cuando está verificado"},{"ancestorTitles":["TeacherProfile"],"failureMessages":[],"fullName":"TeacherProfile no muestra insignia de verificado cuando no está verificado","location":null,"status":"passed","title":"no muestra insignia de verificado cuando no está verificado"},{"ancestorTitles":["TeacherProfile"],"failureMessages":[],"fullName":"TeacherProfile muestra la valoración con estrellas","location":null,"status":"passed","title":"muestra la valoración con estrellas"},{"ancestorTitles":["TeacherProfile"],"failureMessages":[],"fullName":"TeacherProfile muestra el badge de Profesor","location":null,"status":"passed","title":"muestra el badge de Profesor"},{"ancestorTitles":["TeacherProfile"],"failureMessages":[],"fullName":"TeacherProfile muestra la sección Mis datos","location":null,"status":"passed","title":"muestra la sección Mis datos"},{"ancestorTitles":["TeacherProfile"],"failureMessages":[],"fullName":"TeacherProfile muestra el nombre completo en los datos","location":null,"status":"passed","title":"muestra el nombre completo en los datos"},{"ancestorTitles":["TeacherProfile"],"failureMessages":[],"fullName":"TeacherProfile muestra la bio del profesor","location":null,"status":"passed","title":"muestra la bio del profesor"},{"ancestorTitles":["TeacherProfile"],"failureMessages":[],"fullName":"TeacherProfile muestra el estado de verificación en los datos","location":null,"status":"passed","title":"muestra el estado de verificación en los datos"},{"ancestorTitles":["TeacherProfile"],"failureMessages":[],"fullName":"TeacherProfile muestra la tarifa por hora","location":null,"status":"passed","title":"muestra la tarifa por hora"},{"ancestorTitles":["TeacherProfile"],"failureMessages":[],"fullName":"TeacherProfile muestra la sección Tu Actividad","location":null,"status":"passed","title":"muestra la sección Tu Actividad"},{"ancestorTitles":["TeacherProfile"],"failureMessages":[],"fullName":"TeacherProfile muestra el número de comunidades","location":null,"status":"passed","title":"muestra el número de comunidades"},{"ancestorTitles":["TeacherProfile"],"failureMessages":[],"fullName":"TeacherProfile muestra el número de apuntes subidos","location":null,"status":"passed","title":"muestra el número de apuntes subidos"},{"ancestorTitles":["TeacherProfile"],"failureMessages":[],"fullName":"TeacherProfile muestra las descargas formateadas (1.5k)","location":null,"status":"passed","title":"muestra las descargas formateadas (1.5k)"},{"ancestorTitles":["TeacherProfile"],"failureMessages":[],"fullName":"TeacherProfile muestra botón Editar Perfil para el propietario","location":null,"status":"passed","title":"muestra botón Editar Perfil para el propietario"},{"ancestorTitles":["TeacherProfile"],"failureMessages":[],"fullName":"TeacherProfile muestra botón Promocionarse/Verificado para el propietario","location":null,"status":"passed","title":"muestra botón Promocionarse/Verificado para el propietario"},{"ancestorTitles":["TeacherProfile"],"failureMessages":[],"fullName":"TeacherProfile no muestra botones de acción para otros usuarios","location":null,"status":"passed","title":"no muestra botones de acción para otros usuarios"},{"ancestorTitles":["TeacherProfile"],"failureMessages":[],"fullName":"TeacherProfile abre el modal de edición al hacer clic en Editar Perfil","location":null,"status":"passed","title":"abre el modal de edición al hacer clic en Editar Perfil"},{"ancestorTitles":["TeacherProfile"],"failureMessages":[],"fullName":"TeacherProfile abre el modal de verificación al hacer clic en Promocionarse","location":null,"status":"passed","title":"abre el modal de verificación al hacer clic en Promocionarse"},{"ancestorTitles":["TeacherProfile"],"failureMessages":[],"fullName":"TeacherProfile muestra mensaje de error cuando falla la carga","location":null,"status":"passed","title":"muestra mensaje de error cuando falla la carga"},{"ancestorTitles":["TeacherProfile"],"failureMessages":[],"fullName":"TeacherProfile muestra vista de creación para /profesores/nuevo","location":null,"status":"passed","title":"muestra vista de creación para /profesores/nuevo"},{"ancestorTitles":["TeacherProfile"],"failureMessages":[],"fullName":"TeacherProfile muestra botón Crear Perfil de Profesor en vista de creación","location":null,"status":"passed","title":"muestra botón Crear Perfil de Profesor en vista de creación"},{"ancestorTitles":["TeacherProfile"],"failureMessages":[],"fullName":"TeacherProfile muestra mensaje informativo en vista de creación","location":null,"status":"passed","title":"muestra mensaje informativo en vista de creación"},{"ancestorTitles":["TeacherProfile"],"failureMessages":[],"fullName":"TeacherProfile muestra la sección Mis comunidades","location":null,"status":"passed","title":"muestra la sección Mis comunidades"},{"ancestorTitles":["TeacherProfile"],"failureMessages":[],"fullName":"TeacherProfile muestra el enlace Explorar más comunidades","location":null,"status":"passed","title":"muestra el enlace Explorar más comunidades"},{"ancestorTitles":["TeacherProfile"],"failureMessages":[],"fullName":"TeacherProfile renderiza las estrellas de valoración","location":null,"status":"passed","title":"renderiza las estrellas de valoración"},{"ancestorTitles":["TeacherProfile"],"failureMessages":[],"fullName":"TeacherProfile muestra botón Mi disponibilidad para el propietario","location":null,"status":"passed","title":"muestra botón Mi disponibilidad para el propietario"},{"ancestorTitles":["TeacherProfile"],"failureMessages":[],"fullName":"TeacherProfile abre modal de disponibilidad al clicar","location":null,"status":"passed","title":"abre modal de disponibilidad al clicar"},{"ancestorTitles":["TeacherProfile"],"failureMessages":[],"fullName":"TeacherProfile muestra botón Configurar pagos cuando stripe no configurado","location":null,"status":"passed","title":"muestra botón Configurar pagos cuando stripe no configurado"},{"ancestorTitles":["TeacherProfile"],"failureMessages":[],"fullName":"TeacherProfile muestra botón Pagos configurados cuando stripe está configurado","location":null,"status":"passed","title":"muestra botón Pagos configurados cuando stripe está configurado"},{"ancestorTitles":["TeacherProfile"],"failureMessages":[],"fullName":"TeacherProfile visitante ve botón Contactar","location":null,"status":"passed","title":"visitante ve botón Contactar"},{"ancestorTitles":["TeacherProfile"],"failureMessages":[],"fullName":"TeacherProfile visitante ve botón Contratar","location":null,"status":"passed","title":"visitante ve botón Contratar"},{"ancestorTitles":["TeacherProfile"],"failureMessages":[],"fullName":"TeacherProfile clic en Contratar abre modal de contratación","location":null,"status":"passed","title":"clic en Contratar abre modal de contratación"},{"ancestorTitles":["TeacherProfile"],"failureMessages":[],"fullName":"TeacherProfile muestra TutorSolicitudes para el propietario tutor","location":null,"status":"passed","title":"muestra TutorSolicitudes para el propietario tutor"},{"ancestorTitles":["TeacherProfile"],"failureMessages":[],"fullName":"TeacherProfile muestra valoracionesStats cuando se cargan","location":null,"status":"passed","title":"muestra valoracionesStats cuando se cargan"},{"ancestorTitles":["TeacherProfile"],"failureMessages":[],"fullName":"TeacherProfile guarda perfil desde modal de edición","location":null,"status":"passed","title":"guarda perfil desde modal de edición"},{"ancestorTitles":["TeacherProfile"],"failureMessages":[],"fullName":"TeacherProfile abre modal de settings","location":null,"status":"passed","title":"abre modal de settings"}],"endTime":1776254372884,"message":"","name":"C:\\Users\\nunog\\Documents\\Universidad\\Proyectos GitHub\\ISPP\\frontend\\src\\screens\\teacherProfile\\TeacherProfile.test.js","startTime":1776254365521,"status":"passed","summary":""},{"assertionResults":[{"ancestorTitles":["VerifiedTeachers"],"failureMessages":[],"fullName":"VerifiedTeachers renderiza el título y subtítulo","location":null,"status":"passed","title":"renderiza el título y subtítulo"},{"ancestorTitles":["VerifiedTeachers"],"failureMessages":[],"fullName":"VerifiedTeachers renderiza el Header","location":null,"status":"passed","title":"renderiza el Header"},{"ancestorTitles":["VerifiedTeachers"],"failureMessages":[],"fullName":"VerifiedTeachers muestra los profesores cargados","location":null,"status":"passed","title":"muestra los profesores cargados"},{"ancestorTitles":["VerifiedTeachers"],"failureMessages":[],"fullName":"VerifiedTeachers muestra las especialidades","location":null,"status":"passed","title":"muestra las especialidades"},{"ancestorTitles":["VerifiedTeachers"],"failureMessages":[],"fullName":"VerifiedTeachers muestra las tarifas formateadas","location":null,"status":"passed","title":"muestra las tarifas formateadas"},{"ancestorTitles":["VerifiedTeachers"],"failureMessages":[],"fullName":"VerifiedTeachers muestra la insignia solo para tutores verificados","location":null,"status":"passed","title":"muestra la insignia solo para tutores verificados"},{"ancestorTitles":["VerifiedTeachers"],"failureMessages":["TestingLibraryElementError: Unable to find an element with the placeholder text of: /€ min/i\n\nIgnored nodes: comments, script, style\n\u001b[36m<body>\u001b[39m\n  \u001b[36m<div>\u001b[39m\n    \u001b[36m<div\u001b[39m\n      \u001b[33mclass\u001b[39m=\u001b[32m\"vt-page\"\u001b[39m\n    \u001b[36m>\u001b[39m\n      \u001b[36m<div\u001b[39m\n        \u001b[33mdata-testid\u001b[39m=\u001b[32m\"mock-header\"\u001b[39m\n      \u001b[36m>\u001b[39m\n        \u001b[0mHeader\u001b[0m\n      \u001b[36m</div>\u001b[39m\n      \u001b[36m<div\u001b[39m\n        \u001b[33mclass\u001b[39m=\u001b[32m\"vt-hero\"\u001b[39m\n      \u001b[36m>\u001b[39m\n        \u001b[36m<div\u001b[39m\n          \u001b[33maria-hidden\u001b[39m=\u001b[32m\"true\"\u001b[39m\n          \u001b[33mclass\u001b[39m=\u001b[32m\"vt-hero__decoration\"\u001b[39m\n        \u001b[36m/>\u001b[39m\n        \u001b[36m<div\u001b[39m\n          \u001b[33mclass\u001b[39m=\u001b[32m\"vt-hero__content\"\u001b[39m\n        \u001b[36m>\u001b[39m\n          \u001b[36m<span\u001b[39m\n            \u001b[33mclass\u001b[39m=\u001b[32m\"vt-hero__badge\"\u001b[39m\n          \u001b[36m>\u001b[39m\n            \u001b[0mProfesionales verificados\u001b[0m\n          \u001b[36m</span>\u001b[39m\n          \u001b[36m<h1\u001b[39m\n            \u001b[33mclass\u001b[39m=\u001b[32m\"vt-hero__title\"\u001b[39m\n          \u001b[36m>\u001b[39m\n            \u001b[0mProfesores\u001b[0m\n          \u001b[36m</h1>\u001b[39m\n          \u001b[36m<p\u001b[39m\n            \u001b[33mclass\u001b[39m=\u001b[32m\"vt-hero__subtitle\"\u001b[39m\n          \u001b[36m>\u001b[39m\n            \u001b[0mProfesionales con identidad confirmada\u001b[0m\n          \u001b[36m</p>\u001b[39m\n        \u001b[36m</div>\u001b[39m\n      \u001b[36m</div>\u001b[39m\n      \u001b[36m<form\u001b[39m\n        \u001b[33mclass\u001b[39m=\u001b[32m\"vt-controls\"\u001b[39m\n      \u001b[36m>\u001b[39m\n        \u001b[36m<div\u001b[39m\n          \u001b[33mclass\u001b[39m=\u001b[32m\"vt-search-card\"\u001b[39m\n        \u001b[36m>\u001b[39m\n          \u001b[36m<div\u001b[39m\n            \u001b[33mclass\u001b[39m=\u001b[32m\"vt-search-row\"\u001b[39m\n          \u001b[36m>\u001b[39m\n            \u001b[36m<div\u001b[39m\n              \u001b[33mclass\u001b[39m=\u001b[32m\"vt-search-wrap\"\u001b[39m\n            \u001b[36m>\u001b[39m\n              \u001b[36m<svg\u001b[39m\n                \u001b[33mclass\u001b[39m=\u001b[32m\"vt-search-icon\"\u001b[39m\n                \u001b[33mfill\u001b[39m=\u001b[32m\"none\"\u001b[39m\n                \u001b[33mstroke\u001b[39m=\u001b[32m\"currentColor\"\u001b[39m\n                \u001b[33mstroke-linecap\u001b[39m=\u001b[32m\"round\"\u001b[39m\n                \u001b[33mstroke-linejoin\u001b[39m=\u001b[32m\"round\"\u001b[39m\n                \u001b[33mstroke-width\u001b[39m=\u001b[32m\"2\"\u001b[39m\n                \u001b[33mviewBox\u001b[39m=\u001b[32m\"0 0 24 24\"\u001b[39m\n                \u001b[33mxmlns\u001b[39m=\u001b[32m\"http://www.w3.org/2000/svg\"\u001b[39m\n              \u001b[36m>\u001b[39m\n                \u001b[36m<circle\u001b[39m\n                  \u001b[33mcx\u001b[39m=\u001b[32m\"11\"\u001b[39m\n                  \u001b[33mcy\u001b[39m=\u001b[32m\"11\"\u001b[39m\n                  \u001b[33mr\u001b[39m=\u001b[32m\"8\"\u001b[39m\n                \u001b[36m/>\u001b[39m\n                \u001b[36m<line\u001b[39m\n                  \u001b[33mx1\u001b[39m=\u001b[32m\"21\"\u001b[39m\n                  \u001b[33mx2\u001b[39m=\u001b[32m\"16.65\"\u001b[39m\n                  \u001b[33my1\u001b[39m=\u001b[32m\"21\"\u001b[39m\n                  \u001b[33my2\u001b[39m=\u001b[32m\"16.65\"\u001b[39m\n                \u001b[36m/>\u001b[39m\n              \u001b[36m</svg>\u001b[39m\n              \u001b[36m<input\u001b[39m\n                \u001b[33mclass\u001b[39m=\u001b[32m\"vt-search-input\"\u001b[39m\n                \u001b[33mname\u001b[39m=\u001b[32m\"especialidad\"\u001b[39m\n                \u001b[33mplaceholder\u001b[39m=\u001b[32m\"Buscar por especialidad...\"\u001b[39m\n                \u001b[33mtype\u001b[39m=\u001b[32m\"text\"\u001b[39m\n                \u001b[33mvalue\u001b[39m=\u001b[32m\"\"\u001b[39m\n              \u001b[36m/>\u001b[39m\n            \u001b[36m</div>\u001b[39m\n            \u001b[36m<div\u001b[39m\n              \u001b[33mclass\u001b[39m=\u001b[32m\"vt-action-btns\"\u001b[39m\n            \u001b[36m>\u001b[39m\n              \u001b[36m<button\u001b[39m\n                \u001b[33mclass\u001b[39m=\u001b[32m\"vt-btn vt-btn--primary vt-btn--search\"\u001b[39m\n                \u001b[33mtype\u001b[39m=\u001b[32m\"submit\"\u001b[39m\n              \u001b[36m>\u001b[39m\n                \u001b[0mBuscar\u001b[0m\n              \u001b[36m</button>\u001b[39m\n              \u001b[36m<button\u001b[39m\n                \u001b[33mclass\u001b[39m=\u001b[32m\"vt-filters-toggle\"\u001b[39m\n                \u001b[33mtype\u001b[39m=\u001b[32m\"button\"\u001b[39m\n              \u001b[36m>\u001b[39m\n                \u001b[36m<svg\u001b[39m\n                  \u001b[33mfill\u001b[39m=\u001b[32m\"none\"\u001b[39m\n                  \u001b[33mstroke\u001b[39m=\u001b[32m\"currentColor\"\u001b[39m\n                  \u001b[33mstroke-linecap\u001b[39m=\u001b[32m\"round\"\u001b[39m\n                  \u001b[33mstroke-linejoin\u001b[39m=\u001b[32m\"round\"\u001b[39m\n                  \u001b[33mstroke-width\u001b[39m=\u001b[32m\"2\"\u001b[39m\n                  \u001b[33mviewBox\u001b[39m=\u001b[32m\"0 0 24 24\"\u001b[39m\n                  \u001b[33mxmlns\u001b[39m=\u001b[32m\"http://www.w3.org/2000/svg\"\u001b[39m\n                \u001b[36m>\u001b[39m\n                  \u001b[36m<line\u001b[39m\n                    \u001b[33mx1\u001b[39m=\u001b[32m\"4\"\u001b[39m\n                    \u001b[33mx2\u001b[39m=\u001b[32m\"20\"\u001b[39m\n                    \u001b[33my1\u001b[39m=\u001b[32m\"6\"\u001b[39m\n                    \u001b[33my2\u001b[39m=\u001b[32m\"6\"\u001b[39m\n                  \u001b[36m/>\u001b[39m\n                  \u001b[36m<line\u001b[39m\n                    \u001b[33mx1\u001b[39m=\u001b[32m\"8\"\u001b[39m\n                    \u001b[33mx2\u001b[39m=\u001b[32m\"16\"\u001b[39m\n                    \u001b[33my1\u001b[39m=\u001b[32m\"12\"\u001b[39m\n                    \u001b[33my2\u001b[39m=\u001b[32m\"12\"\u001b[39m\n                  \u001b[36m/>\u001b[39m\n                  \u001b[36m<line\u001b[39m\n                    \u001b[33mx1\u001b[39m=\u001b[32m\"11\"\u001b[39m\n                    \u001b[33mx2\u001b[39m=\u001b[32m\"13\"\u001b[39m\n                    \u001b[33my1\u001b[39m=\u001b[32m\"18\"\u001b[39m\n                    \u001b[33my2\u001b[39m=\u001b[32m\"18\"\u001b[39m\n                  \u001b[36m/>\u001b[39m\n                \u001b[36m</svg>\u001b[39m\n                \u001b[0mFiltros\u001b[0m\n                \u001b[36m<svg\u001b[39m\n                  \u001b[33mclass\u001b[39m=\u001b[32m\"vt-filters-chevron\"\u001b[39m\n                  \u001b[33mfill\u001b[39m=\u001b[32m\"none\"\u001b[39m\n                  \u001b[33mstroke\u001b[39m=\u001b[32m\"currentColor\"\u001b[39m\n                  \u001b[33mstroke-linecap\u001b[39m=\u001b[32m\"round\"\u001b[39m\n                  \u001b[33mstroke-linejoin\u001b[39m=\u001b[32m\"round\"\u001b[39m\n                  \u001b[33mstroke-width\u001b[39m=\u001b[32m\"2.5\"\u001b[39m\n                  \u001b[33mviewBox\u001b[39m=\u001b[32m\"0 0 24 24\"\u001b[39m\n                  \u001b[33mxmlns\u001b[39m=\u001b[32m\"http://www.w3.org/2000/svg\"\u001b[39m\n                \u001b[36m>\u001b[39m\n                  \u001b[36m<polyline\u001b[39m\n                    \u001b[33mpoints\u001b[39m=\u001b[32m\"6 9 12 15 18 9\"\u001b[39m\n                  \u001b[36m/>\u001b[39m\n                \u001b[36m</svg>\u001b[39m\n              \u001b[36m</button>\u001b[39m\n            \u001b[36m</div>\u001b[39m\n          \u001b[36m</div>\u001b[39m\n          \u001b[36m<p\u001b[39m\n            \u001b[33mclass\u001b[39m=\u001b[32m\"vt-count\"\u001b[39m\n          \u001b[36m>\u001b[39m\n            \u001b[0m2\u001b[0m\n            \u001b[0m profesor\u001b[0m\n            \u001b[0mes\u001b[0m\n          \u001b[36m</p>\u001b[39m\n        \u001b[36m</div>\u001b[39m\n        \u001b[36m<div\u001b[39m\n          \u001b[33mclass\u001b[39m=\u001b[32m\"vt-filter-panel\"\u001b[39m\n        \u001b[36m>\u001b[39m\n          \u001b[36m<div\u001b[39m\n            \u001b[33mclass\u001b[39m=\u001b[32m\"vt-filter-panel-inner\"\u001b[39m\n          \u001b[36m>\u001b[39m\n            \u001b[36m<div\u001b[39m\n              \u001b[33mclass\u001b[39m=\u001b[32m\"vt-filter-panel-content\"\u001b[39m\n            \u001b[36m>\u001b[39m\n              \u001b[36m<div\u001b[39m\n                \u001b[33mclass\u001b[39m=\u001b[32m\"vt-filter-panel__top\"\u001b[39m\n              \u001b[36m>\u001b[39m\n                \u001b[36m<span\u001b[39m\n                  \u001b[33mclass\u001b[39m=\u001b[32m\"vt-filter-panel__label\"\u001b[39m\n                \u001b[36m>\u001b[39m\n                  \u001b[0mFiltros avanzados\u001b[0m\n                \u001b[36m</span>\u001b[39m\n              \u001b[36m</div>\u001b[39m\n              \u001b[36m<div\u001b[39m\n                \u001b[33mclass\u001b[39m=\u001b[32m\"vt-filter-groups\"\u001b[39m\n              \u001b[36m>\u001b[39m\n                \u001b[36m<div\u001b[39m\n                  \u001b[33mclass\u001b[39m=\u001b[32m\"vt-filter-group\"\u001b[39m\n                \u001b[36m>\u001b[39m\n                  \u001b[36m<span>\u001b[39m\n                    \u001b[0mPrecio por hora (€)\u001b[0m\n                  \u001b[36m</span>\u001b[39m\n                  \u001b[36m<div\u001b[39m\n                    \u001b[33mclass\u001b[39m=\u001b[32m\"vt-price-range\"\u001b[39m\n                  \u001b[36m>\u001b[39m\n                    \u001b[36m<input\u001b[39m\n                      \u001b[33mclass\u001b[39m=\u001b[32m\"vt-filtros__input vt-filtros__input--sm\"\u001b[39m\n                      \u001b[33mmin\u001b[39m=\u001b[32m\"0\"\u001b[39m\n                      \u001b[33mname\u001b[39m=\u001b[32m\"tarifaMin\"\u001b[39m\n                      \u001b[33mplaceholder\u001b[39m=\u001b[32m\"Mín\"\u001b[39m\n                      \u001b[33mstep\u001b[39m=\u001b[32m\"1\"\u001b[39m\n                      \u001b[33mtype\u001b[39m=\u001b[32m\"number\"\u001b[39m\n                      \u001b[33mvalue\u001b[39m=\u001b[32m\"\"\u001b[39m\n                    \u001b[36m/>\u001b[39m\n                    \u001b[36m<span\u001b[39m\n                      \u001b[33mclass\u001b[39m=\u001b[32m\"vt-filtros__sep\"\u001b[39m\n                    \u001b[36m>\u001b[39m\n                      \u001b[0m—\u001b[0m\n                    \u001b[36m</span>\u001b[39m\n                    \u001b[36m<input\u001b[39m\n                      \u001b[33mclass\u001b[39m=\u001b[32m\"vt-filtros__input vt-filtros__input--sm\"\u001b[39m\n                      \u001b[33mmin\u001b[39m=\u001b[32m\"0\"\u001b[39m\n                      \u001b[33mname\u001b[39m=\u001b[32m\"tarifaMax\"\u001b[39m\n                      \u001b[33mplaceholder\u001b[39m=\u001b[32m\"Máx\"\u001b[39m\n                      \u001b[33mstep\u001b[39m=\u001b[32m\"1\"\u001b[39m\n                      \u001b[33mtype\u001b[39m=\u001b[32m\"number\"\u001b[39m\n                      \u001b[33mvalue\u001b[39m=\u001b[32m\"\"\u001b[39m\n                    \u001b[36m/>\u001b[39m\n                    \u001b[36m<span\u001b[39m\n                      \u001b[33mclass\u001b[39m=\u001b[32m\"vt-filtros__unit\"\u001b[39m\n                    \u001b[36m>\u001b[39m\n                      \u001b[0m€/h\u001b[0m\n                    \u001b[36m</span>\u001b[39m\n                  \u001b[36m</div>\u001b[39m\n                \u001b[36m</div>\u001b[39m\n                \u001b[36m<div\u001b[39m\n                  \u001b[33mclass\u001b[39m=\u001b[32m\"vt-filter-group\"\u001b[39m\n                \u001b[36m>\u001b[39m\n                  \u001b[36m<span>\u001b[39m\n                    \u001b[0mUbicación\u001b[0m\n                  \u001b[36m</span>\u001b[39m\n                  \u001b[36m<div\u001b[39m\n                    \u001b[33mclass\u001b[39m=\u001b[32m\"vt-cercania-wrap\"\u001b[39m\n                  \u001b[36m>\u001b[39m\n                    \u001b[36m<button\u001b[39m\n                      \u001b[33mclass\u001b[39m=\u001b[32m\"vt-btn vt-btn--secondary\"\u001b[39m\n                      \u001b[33mtype\u001b[39m=\u001b[32m\"button\"\u001b[39m\n                    \u001b[36m>\u001b[39m\n                      \u001b[0m📍 Buscar por cercanía\u001b[0m\n                    \u001b[36m</button>\u001b[39m\n                  \u001b[36m</div>\u001b[39m\n                \u001b[36m</div>\u001b[39m\n              \u001b[36m</div>\u001b[39m\n            \u001b[36m</div>\u001b[39m\n          \u001b[36m</div>\u001b[39m\n        \u001b[36m</div>\u001b[39m\n      \u001b[36m</form>\u001b[39m\n      \u001b[36m<div\u001b[39m\n        \u001b[33mclass\u001b[39m=\u001b[32m\"vt-content\"\u001b[39m\n      \u001b[36m>\u001b[39m\n        \u001b[36m<div\u001b[39m\n          \u001b[33mclass\u001b[39m=\u001b[32m\"vt-grid\"\u001b[39m\n        \u001b[36m>\u001b[39m\n          \u001b[36m<div\u001b[39m\n            \u001b[33mclass\u001b[39m=\u001b[32m\"vt-card\"\u001b[39m\n          \u001b[36m>\u001b[39m\n            \u001b[36m<div\u001b[39m\n              \u001b[33mstyle\u001b[39m=\u001b[32m\"position: absolute; top: 1rem; right: 1rem; display: flex; flex-direction: column; align-items: flex-end; gap: 4px; z-index: 2;\"\u001b[39m\n            \u001b[36m>\u001b[39m\n              \u001b[36m<span\u001b[39m\n                \u001b[33mclass\u001b[39m=\u001b[32m\"vt-card__badge\"\u001b[39m\n              \u001b[36m>\u001b[39m\n                \u001b[0mVerificado\u001b[0m\n              \u001b[36m</span>\u001b[39m\n            \u001b[36m</div>\u001b[39m\n            \u001b[36m<span\u001b[39m\n              \u001b[33mclass\u001b[39m=\u001b[32m\"vt-card__badge-distancia vt-card__badge-distancia--sin\"\u001b[39m\n            \u001b[36m>\u001b[39m\n              \u001b[0mSin ubicación\u001b[0m\n            \u001b[36m</span>\u001b[39m\n            \u001b[36m<div\u001b[39m\n              \u001b[33mclass\u001b[39m=\u001b[32m\"vt-card__avatar\"\u001b[39m\n              \u001b[33mstyle\u001b[39m=\u001b[32m\"background: rgb(103, 111, 157);\"\u001b[39m\n            \u001b[36m>\u001b[39m\n              \u001b[0mJG\u001b[0m\n            \u001b[36m</div>\u001b[39m\n            \u001b[36m<h3\u001b[39m\n              \u001b[33mclass\u001b[39m=\u001b[32m\"vt-card__nombre\"\u001b[39m\n            \u001b[36m>\u001b[39m\n              \u001b[0mJuan García\u001b[0m\n            \u001b[36m</h3>\u001b[39m\n            \u001b[36m<div\u001b[39m\n              \u001b[33mclass\u001b[39m=\u001b[32m\"vt-card__tags\"\u001b[39m\n            \u001b[36m>\u001b[39m\n              \u001b[36m<span\u001b[39m\n                \u001b[33mclass\u001b[39m=\u001b[32m\"vt-card__tag\"\u001b[39m\n              \u001b[36m>\u001b[39m\n                \u001b[0mMatemáticas\u001b[0m\n              \u001b[36m</span>\u001b[39m\n              \u001b[36m<span\u001b[39m\n                \u001b[33mclass\u001b[39m=\u001b[32m\"vt-card__tag\"\u001b[39m\n              \u001b[36m>\u001b[39m\n                \u001b[0mFísica\u001b[0m\n              \u001b[36m</span>\u001b[39m\n            \u001b[36m</div>\u001b[39m\n            \u001b[36m<p\u001b[39m\n              \u001b[33mclass\u001b[39m=\u001b[32m\"vt-card__tarifa\"\u001b[39m\n            \u001b[36m>\u001b[39m\n              \u001b[36m<strong>\u001b[39m\n                \u001b[0m25.00\u001b[0m\n                \u001b[0m €\u001b[0m\n              \u001b[36m</strong>\u001b[39m\n              \u001b[0m / hora\u001b[0m\n            \u001b[36m</p>\u001b[39m\n            \u001b[36m<p\u001b[39m\n              \u001b[33mclass\u001b[39m=\u001b[32m\"vt-card__disponibilidad\"\u001b[39m\n            \u001b[36m>\u001b[39m\n              \u001b[0mTardes y fines de semana\u001b[0m\n            \u001b[36m</p>\u001b[39m\n            \u001b[36m<div\u001b[39m\n              \u001b[33mclass\u001b[39m=\u001b[32m\"vt-card__actions\"\u001b[39m\n            \u001b[36m>\u001b[39m\n              \u001b[36m<a\u001b[39m\n                \u001b[33mclass\u001b[39m=\u001b[32m\"vt-btn vt-btn--outline\"\u001b[39m\n                \u001b[33mhref\u001b[39m=\u001b[32m\"/profesores/1\"\u001b[39m\n              \u001b[36m>\u001b[39m\n                \u001b[0mVer perfil\u001b[0m\n              \u001b[36m</a>\u001b[39m\n              \u001b[36m<button\u001b[39m\n                \u001b[33mclass\u001b[39m=\u001b[32m\"vt-btn vt-btn--primary\"\u001b[39m\n              \u001b[36m>\u001b[39m\n                \u001b[0mContactar\u001b[0m\n              \u001b[36m</button>\u001b[39m\n            \u001b[36m</div>\u001b[39m\n          \u001b[36m</div>\u001b[39m\n          \u001b[36m<div\u001b[39m\n            \u001b[33mclass\u001b[39m=\u001b[32m\"vt-card\"\u001b[39m\n          \u001b[36m>\u001b[39m\n            \u001b[36m<div\u001b[39m\n              \u001b[33mstyle\u001b[39m=\u001b[32m\"position: absolute; top: 1rem; right: 1rem; display: flex; flex-direction: column; align-items: flex-end; gap: 4px; z-index: 2;\"\u001b[39m\n            \u001b[36m/>\u001b[39m\n            \u001b[36m<span\u001b[39m\n              \u001b[33mclass\u001b[39m=\u001b[32m\"vt-card__badge-distancia vt-card__badge-distancia--sin\"\u001b[39m\n            \u001b[36m>\u001b[39m\n              \u001b[0mSin ubicación\u001b[0m\n            \u001b[36m</span>\u001b[39m\n            \u001b[36m<img\u001b[39m\n              \u001b[33malt\u001b[39m=\u001b[32m\"María López\"\u001b[39m\n              \u001b[33mclass\u001b[39m=\u001b[32m\"vt-card__avatar-img\"\u001b[39m\n              \u001b[33msrc\u001b[39m=\u001b[32m\"http://localhost:8080/img/maria.jpg\"\u001b[39m\n            \u001b[36m/>\u001b[39m\n            \u001b[36m<h3\u001b[39m\n              \u001b[33mclass\u001b[39m=\u001b[32m\"vt-card__nombre\"\u001b[39m\n            \u001b[36m>\u001b[39m\n              \u001b[0mMaría López\u001b[0m\n            \u001b[36m</h3>\u001b[39m\n            \u001b[36m<div\u001b[39m\n              \u001b[33mclass\u001b[39m=\u001b[32m\"vt-card__tags\"\u001b[39m\n            \u001b[36m>\u001b[39m\n              \u001b[36m<span\u001b[39m\n                \u001b[33mclass\u001b[39m=\u001b[32m\"vt-card__tag\"\u001b[39m\n              \u001b[36m>\u001b[39m\n                \u001b[0mInglés\u001b[0m\n              \u001b[36m</span>\u001b[39m\n            \u001b[36m</div>\u001b[39m\n            \u001b[36m<p\u001b[39m\n              \u001b[33mclass\u001b[39m=\u001b[32m\"vt-card__tarifa\"\u001b[39m\n            \u001b[36m>\u001b[39m\n              \u001b[36m<strong>\u001b[39m\n                \u001b[0m30.50\u001b[0m\n                \u001b[0m €\u001b[0m\n              \u001b[36m</strong>\u001b[39m\n              \u001b[0m / hora\u001b[0m\n            \u001b[36m</p>\u001b[39m\n            \u001b[36m<p\u001b[39m\n              \u001b[33mclass\u001b[39m=\u001b[32m\"vt-card__disponibilidad\"\u001b[39m\n            \u001b[36m>\u001b[39m\n              \u001b[0mMañanas\u001b[0m\n            \u001b[36m</p>\u001b[39m\n            \u001b[36m<div\u001b[39m\n              \u001b[33mclass\u001b[39m=\u001b[32m\"vt-card__actions\"\u001b[39m\n            \u001b[36m>\u001b[39m\n              \u001b[36m<a\u001b[39m\n                \u001b[33mclass\u001b[39m=\u001b[32m\"vt-btn vt-btn--outline\"\u001b[39m\n                \u001b[33mhref\u001b[39m=\u001b[32m\"/profesores/2\"\u001b[39m\n              \u001b[36m>\u001b[39m\n                \u001b[0mVer perfil\u001b[0m\n              \u001b[36m</a>\u001b[39m\n              \u001b[36m<button\u001b[39m\n                \u001b[33mclass\u001b[39m=\u001b[32m\"vt-btn vt-btn--primary\"\u001b[39m\n              \u001b[36m>\u001b[39m\n                \u001b[0mContactar\u001b[0m\n              \u001b[36m</button>\u001b[39m\n            \u001b[36m</div>\u001b[39m\n          \u001b[36m</div>\u001b[39m\n        \u001b[36m</div>\u001b[39m\n      \u001b[36m</div>\u001b[39m\n    \u001b[36m</div>\u001b[39m\n  \u001b[36m</div>\u001b[39m\n\u001b[36m</body>\u001b[39m\n    at Object.getElementError (C:\\Users\\nunog\\Documents\\Universidad\\Proyectos GitHub\\ISPP\\frontend\\node_modules\\@testing-library\\dom\\dist\\config.js:37:19)\n    at C:\\Users\\nunog\\Documents\\Universidad\\Proyectos GitHub\\ISPP\\frontend\\node_modules\\@testing-library\\dom\\dist\\query-helpers.js:76:38\n    at C:\\Users\\nunog\\Documents\\Universidad\\Proyectos GitHub\\ISPP\\frontend\\node_modules\\@testing-library\\dom\\dist\\query-helpers.js:52:17\n    at getByPlaceholderText (C:\\Users\\nunog\\Documents\\Universidad\\Proyectos GitHub\\ISPP\\frontend\\node_modules\\@testing-library\\dom\\dist\\query-helpers.js:95:19)\n    at Object.<anonymous> (C:\\Users\\nunog\\Documents\\Universidad\\Proyectos GitHub\\ISPP\\frontend\\src\\screens\\verifiedTeachers\\VerifiedTeachers.test.js:128:19)"],"fullName":"VerifiedTeachers renderiza los filtros de búsqueda","location":null,"status":"failed","title":"renderiza los filtros de búsqueda"},{"ancestorTitles":["VerifiedTeachers"],"failureMessages":[],"fullName":"VerifiedTeachers llama a la API al montar el componente","location":null,"status":"passed","title":"llama a la API al montar el componente"},{"ancestorTitles":["VerifiedTeachers"],"failureMessages":[],"fullName":"VerifiedTeachers muestra estado de error cuando falla la carga","location":null,"status":"passed","title":"muestra estado de error cuando falla la carga"},{"ancestorTitles":["VerifiedTeachers"],"failureMessages":[],"fullName":"VerifiedTeachers muestra estado vacío cuando no hay profesores","location":null,"status":"passed","title":"muestra estado vacío cuando no hay profesores"},{"ancestorTitles":["VerifiedTeachers"],"failureMessages":[],"fullName":"VerifiedTeachers aplica filtro de especialidad al buscar","location":null,"status":"passed","title":"aplica filtro de especialidad al buscar"},{"ancestorTitles":["VerifiedTeachers"],"failureMessages":["TestingLibraryElementError: Unable to find an element with the placeholder text of: /€ min/i\n\nIgnored nodes: comments, script, style\n\u001b[36m<body>\u001b[39m\n  \u001b[36m<div>\u001b[39m\n    \u001b[36m<div\u001b[39m\n      \u001b[33mclass\u001b[39m=\u001b[32m\"vt-page\"\u001b[39m\n    \u001b[36m>\u001b[39m\n      \u001b[36m<div\u001b[39m\n        \u001b[33mdata-testid\u001b[39m=\u001b[32m\"mock-header\"\u001b[39m\n      \u001b[36m>\u001b[39m\n        \u001b[0mHeader\u001b[0m\n      \u001b[36m</div>\u001b[39m\n      \u001b[36m<div\u001b[39m\n        \u001b[33mclass\u001b[39m=\u001b[32m\"vt-hero\"\u001b[39m\n      \u001b[36m>\u001b[39m\n        \u001b[36m<div\u001b[39m\n          \u001b[33maria-hidden\u001b[39m=\u001b[32m\"true\"\u001b[39m\n          \u001b[33mclass\u001b[39m=\u001b[32m\"vt-hero__decoration\"\u001b[39m\n        \u001b[36m/>\u001b[39m\n        \u001b[36m<div\u001b[39m\n          \u001b[33mclass\u001b[39m=\u001b[32m\"vt-hero__content\"\u001b[39m\n        \u001b[36m>\u001b[39m\n          \u001b[36m<span\u001b[39m\n            \u001b[33mclass\u001b[39m=\u001b[32m\"vt-hero__badge\"\u001b[39m\n          \u001b[36m>\u001b[39m\n            \u001b[0mProfesionales verificados\u001b[0m\n          \u001b[36m</span>\u001b[39m\n          \u001b[36m<h1\u001b[39m\n            \u001b[33mclass\u001b[39m=\u001b[32m\"vt-hero__title\"\u001b[39m\n          \u001b[36m>\u001b[39m\n            \u001b[0mProfesores\u001b[0m\n          \u001b[36m</h1>\u001b[39m\n          \u001b[36m<p\u001b[39m\n            \u001b[33mclass\u001b[39m=\u001b[32m\"vt-hero__subtitle\"\u001b[39m\n          \u001b[36m>\u001b[39m\n            \u001b[0mProfesionales con identidad confirmada\u001b[0m\n          \u001b[36m</p>\u001b[39m\n        \u001b[36m</div>\u001b[39m\n      \u001b[36m</div>\u001b[39m\n      \u001b[36m<form\u001b[39m\n        \u001b[33mclass\u001b[39m=\u001b[32m\"vt-controls\"\u001b[39m\n      \u001b[36m>\u001b[39m\n        \u001b[36m<div\u001b[39m\n          \u001b[33mclass\u001b[39m=\u001b[32m\"vt-search-card\"\u001b[39m\n        \u001b[36m>\u001b[39m\n          \u001b[36m<div\u001b[39m\n            \u001b[33mclass\u001b[39m=\u001b[32m\"vt-search-row\"\u001b[39m\n          \u001b[36m>\u001b[39m\n            \u001b[36m<div\u001b[39m\n              \u001b[33mclass\u001b[39m=\u001b[32m\"vt-search-wrap\"\u001b[39m\n            \u001b[36m>\u001b[39m\n              \u001b[36m<svg\u001b[39m\n                \u001b[33mclass\u001b[39m=\u001b[32m\"vt-search-icon\"\u001b[39m\n                \u001b[33mfill\u001b[39m=\u001b[32m\"none\"\u001b[39m\n                \u001b[33mstroke\u001b[39m=\u001b[32m\"currentColor\"\u001b[39m\n                \u001b[33mstroke-linecap\u001b[39m=\u001b[32m\"round\"\u001b[39m\n                \u001b[33mstroke-linejoin\u001b[39m=\u001b[32m\"round\"\u001b[39m\n                \u001b[33mstroke-width\u001b[39m=\u001b[32m\"2\"\u001b[39m\n                \u001b[33mviewBox\u001b[39m=\u001b[32m\"0 0 24 24\"\u001b[39m\n                \u001b[33mxmlns\u001b[39m=\u001b[32m\"http://www.w3.org/2000/svg\"\u001b[39m\n              \u001b[36m>\u001b[39m\n                \u001b[36m<circle\u001b[39m\n                  \u001b[33mcx\u001b[39m=\u001b[32m\"11\"\u001b[39m\n                  \u001b[33mcy\u001b[39m=\u001b[32m\"11\"\u001b[39m\n                  \u001b[33mr\u001b[39m=\u001b[32m\"8\"\u001b[39m\n                \u001b[36m/>\u001b[39m\n                \u001b[36m<line\u001b[39m\n                  \u001b[33mx1\u001b[39m=\u001b[32m\"21\"\u001b[39m\n                  \u001b[33mx2\u001b[39m=\u001b[32m\"16.65\"\u001b[39m\n                  \u001b[33my1\u001b[39m=\u001b[32m\"21\"\u001b[39m\n                  \u001b[33my2\u001b[39m=\u001b[32m\"16.65\"\u001b[39m\n                \u001b[36m/>\u001b[39m\n              \u001b[36m</svg>\u001b[39m\n              \u001b[36m<input\u001b[39m\n                \u001b[33mclass\u001b[39m=\u001b[32m\"vt-search-input\"\u001b[39m\n                \u001b[33mname\u001b[39m=\u001b[32m\"especialidad\"\u001b[39m\n                \u001b[33mplaceholder\u001b[39m=\u001b[32m\"Buscar por especialidad...\"\u001b[39m\n                \u001b[33mtype\u001b[39m=\u001b[32m\"text\"\u001b[39m\n                \u001b[33mvalue\u001b[39m=\u001b[32m\"\"\u001b[39m\n              \u001b[36m/>\u001b[39m\n            \u001b[36m</div>\u001b[39m\n            \u001b[36m<div\u001b[39m\n              \u001b[33mclass\u001b[39m=\u001b[32m\"vt-action-btns\"\u001b[39m\n            \u001b[36m>\u001b[39m\n              \u001b[36m<button\u001b[39m\n                \u001b[33mclass\u001b[39m=\u001b[32m\"vt-btn vt-btn--primary vt-btn--search\"\u001b[39m\n                \u001b[33mtype\u001b[39m=\u001b[32m\"submit\"\u001b[39m\n              \u001b[36m>\u001b[39m\n                \u001b[0mBuscar\u001b[0m\n              \u001b[36m</button>\u001b[39m\n              \u001b[36m<button\u001b[39m\n                \u001b[33mclass\u001b[39m=\u001b[32m\"vt-filters-toggle\"\u001b[39m\n                \u001b[33mtype\u001b[39m=\u001b[32m\"button\"\u001b[39m\n              \u001b[36m>\u001b[39m\n                \u001b[36m<svg\u001b[39m\n                  \u001b[33mfill\u001b[39m=\u001b[32m\"none\"\u001b[39m\n                  \u001b[33mstroke\u001b[39m=\u001b[32m\"currentColor\"\u001b[39m\n                  \u001b[33mstroke-linecap\u001b[39m=\u001b[32m\"round\"\u001b[39m\n                  \u001b[33mstroke-linejoin\u001b[39m=\u001b[32m\"round\"\u001b[39m\n                  \u001b[33mstroke-width\u001b[39m=\u001b[32m\"2\"\u001b[39m\n                  \u001b[33mviewBox\u001b[39m=\u001b[32m\"0 0 24 24\"\u001b[39m\n                  \u001b[33mxmlns\u001b[39m=\u001b[32m\"http://www.w3.org/2000/svg\"\u001b[39m\n                \u001b[36m>\u001b[39m\n                  \u001b[36m<line\u001b[39m\n                    \u001b[33mx1\u001b[39m=\u001b[32m\"4\"\u001b[39m\n                    \u001b[33mx2\u001b[39m=\u001b[32m\"20\"\u001b[39m\n                    \u001b[33my1\u001b[39m=\u001b[32m\"6\"\u001b[39m\n                    \u001b[33my2\u001b[39m=\u001b[32m\"6\"\u001b[39m\n                  \u001b[36m/>\u001b[39m\n                  \u001b[36m<line\u001b[39m\n                    \u001b[33mx1\u001b[39m=\u001b[32m\"8\"\u001b[39m\n                    \u001b[33mx2\u001b[39m=\u001b[32m\"16\"\u001b[39m\n                    \u001b[33my1\u001b[39m=\u001b[32m\"12\"\u001b[39m\n                    \u001b[33my2\u001b[39m=\u001b[32m\"12\"\u001b[39m\n                  \u001b[36m/>\u001b[39m\n                  \u001b[36m<line\u001b[39m\n                    \u001b[33mx1\u001b[39m=\u001b[32m\"11\"\u001b[39m\n                    \u001b[33mx2\u001b[39m=\u001b[32m\"13\"\u001b[39m\n                    \u001b[33my1\u001b[39m=\u001b[32m\"18\"\u001b[39m\n                    \u001b[33my2\u001b[39m=\u001b[32m\"18\"\u001b[39m\n                  \u001b[36m/>\u001b[39m\n                \u001b[36m</svg>\u001b[39m\n                \u001b[0mFiltros\u001b[0m\n                \u001b[36m<svg\u001b[39m\n                  \u001b[33mclass\u001b[39m=\u001b[32m\"vt-filters-chevron\"\u001b[39m\n                  \u001b[33mfill\u001b[39m=\u001b[32m\"none\"\u001b[39m\n                  \u001b[33mstroke\u001b[39m=\u001b[32m\"currentColor\"\u001b[39m\n                  \u001b[33mstroke-linecap\u001b[39m=\u001b[32m\"round\"\u001b[39m\n                  \u001b[33mstroke-linejoin\u001b[39m=\u001b[32m\"round\"\u001b[39m\n                  \u001b[33mstroke-width\u001b[39m=\u001b[32m\"2.5\"\u001b[39m\n                  \u001b[33mviewBox\u001b[39m=\u001b[32m\"0 0 24 24\"\u001b[39m\n                  \u001b[33mxmlns\u001b[39m=\u001b[32m\
[...]
uth.api.test.js","startTime":1776254389244,"status":"passed","summary":""},{"assertionResults":[{"ancestorTitles":["institutionsApi"],"failureMessages":[],"fullName":"institutionsApi list","location":null,"status":"passed","title":"list"},{"ancestorTitles":["institutionsApi"],"failureMessages":[],"fullName":"institutionsApi create","location":null,"status":"passed","title":"create"},{"ancestorTitles":["institutionsApi"],"failureMessages":[],"fullName":"institutionsApi getById","location":null,"status":"passed","title":"getById"},{"ancestorTitles":["institutionsApi"],"failureMessages":[],"fullName":"institutionsApi update","location":null,"status":"passed","title":"update"},{"ancestorTitles":["institutionsApi"],"failureMessages":[],"fullName":"institutionsApi hirePlan","location":null,"status":"passed","title":"hirePlan"},{"ancestorTitles":["institutionsApi"],"failureMessages":[],"fullName":"institutionsApi cancelPlan","location":null,"status":"passed","title":"cancelPlan"},{"ancestorTitles":["institutionsApi"],"failureMessages":[],"fullName":"institutionsApi getPlanStatus","location":null,"status":"passed","title":"getPlanStatus"},{"ancestorTitles":["institutionsApi"],"failureMessages":[],"fullName":"institutionsApi verifySession","location":null,"status":"passed","title":"verifySession"},{"ancestorTitles":["institutionsApi"],"failureMessages":[],"fullName":"institutionsApi createPlanPaymentIntent","location":null,"status":"passed","title":"createPlanPaymentIntent"},{"ancestorTitles":["institutionsApi"],"failureMessages":[],"fullName":"institutionsApi confirmPlanPayment","location":null,"status":"passed","title":"confirmPlanPayment"}],"endTime":1776254389698,"message":"","name":"C:\\Users\\nunog\\Documents\\Universidad\\Proyectos GitHub\\ISPP\\frontend\\src\\api\\institutions.api.test.js","startTime":1776254389400,"status":"passed","summary":""},{"assertionResults":[{"ancestorTitles":["subscriptionsApi"],"failureMessages":[],"fullName":"subscriptionsApi listPlans","location":null,"status":"passed","title":"listPlans"},{"ancestorTitles":["subscriptionsApi"],"failureMessages":[],"fullName":"subscriptionsApi getMySubscription","location":null,"status":"passed","title":"getMySubscription"},{"ancestorTitles":["subscriptionsApi"],"failureMessages":[],"fullName":"subscriptionsApi subscribe with defaults","location":null,"status":"passed","title":"subscribe with defaults"},{"ancestorTitles":["subscriptionsApi"],"failureMessages":[],"fullName":"subscriptionsApi subscribe with custom params","location":null,"status":"passed","title":"subscribe with custom params"},{"ancestorTitles":["subscriptionsApi"],"failureMessages":[],"fullName":"subscriptionsApi cancelSubscription","location":null,"status":"passed","title":"cancelSubscription"},{"ancestorTitles":["subscriptionsApi"],"failureMessages":[],"fullName":"subscriptionsApi confirmPayment","location":null,"status":"passed","title":"confirmPayment"},{"ancestorTitles":["subscriptionsApi"],"failureMessages":[],"fullName":"subscriptionsApi verifySession","location":null,"status":"passed","title":"verifySession"},{"ancestorTitles":["subscriptionsApi"],"failureMessages":[],"fullName":"subscriptionsApi createPaymentIntent","location":null,"status":"passed","title":"createPaymentIntent"},{"ancestorTitles":["subscriptionsApi"],"failureMessages":[],"fullName":"subscriptionsApi confirmEmbeddedPayment","location":null,"status":"passed","title":"confirmEmbeddedPayment"}],"endTime":1776254389780,"message":"","name":"C:\\Users\\nunog\\Documents\\Universidad\\Proyectos GitHub\\ISPP\\frontend\\src\\api\\subscriptions.api.test.js","startTime":1776254389470,"status":"passed","summary":""},{"assertionResults":[{"ancestorTitles":["disponibilidad API"],"failureMessages":[],"fullName":"disponibilidad API getDisponibilidades","location":null,"status":"passed","title":"getDisponibilidades"},{"ancestorTitles":["disponibilidad API"],"failureMessages":[],"fullName":"disponibilidad API crearDisponibilidad","location":null,"status":"passed","title":"crearDisponibilidad"},{"ancestorTitles":["disponibilidad API"],"failureMessages":[],"fullName":"disponibilidad API actualizarDisponibilidad","location":null,"status":"passed","title":"actualizarDisponibilidad"},{"ancestorTitles":["disponibilidad API"],"failureMessages":[],"fullName":"disponibilidad API eliminarDisponibilidad","location":null,"status":"passed","title":"eliminarDisponibilidad"}],"endTime":1776254389815,"message":"","name":"C:\\Users\\nunog\\Documents\\Universidad\\Proyectos GitHub\\ISPP\\frontend\\src\\api\\disponibilidad.test.js","startTime":1776254389560,"status":"passed","summary":""},{"assertionResults":[{"ancestorTitles":["classroomLinkRequestsApi"],"failureMessages":[],"fullName":"classroomLinkRequestsApi myPending","location":null,"status":"passed","title":"myPending"},{"ancestorTitles":["classroomLinkRequestsApi"],"failureMessages":[],"fullName":"classroomLinkRequestsApi complete","location":null,"status":"passed","title":"complete"}],"endTime":1776254389826,"message":"","name":"C:\\Users\\nunog\\Documents\\Universidad\\Proyectos GitHub\\ISPP\\frontend\\src\\api\\classroomLinkRequests.api.test.js","startTime":1776254389564,"status":"passed","summary":""},{"assertionResults":[{"ancestorTitles":["announcementComments"],"failureMessages":[],"fullName":"announcementComments getAnnouncementComments","location":null,"status":"passed","title":"getAnnouncementComments"},{"ancestorTitles":["announcementComments"],"failureMessages":[],"fullName":"announcementComments postAnnouncementComment","location":null,"status":"passed","title":"postAnnouncementComment"}],"endTime":1776254389831,"message":"","name":"C:\\Users\\nunog\\Documents\\Universidad\\Proyectos GitHub\\ISPP\\frontend\\src\\api\\announcementComments.test.js","startTime":1776254389530,"status":"passed","summary":""},{"assertionResults":[{"ancestorTitles":["ZoomApi"],"failureMessages":[],"fullName":"ZoomApi createOrGetMeeting","location":null,"status":"passed","title":"createOrGetMeeting"},{"ancestorTitles":["ZoomApi"],"failureMessages":[],"fullName":"ZoomApi getActiveMeeting","location":null,"status":"passed","title":"getActiveMeeting"},{"ancestorTitles":["ZoomApi"],"failureMessages":[],"fullName":"ZoomApi joinMeeting","location":null,"status":"passed","title":"joinMeeting"},{"ancestorTitles":["ZoomApi"],"failureMessages":[],"fullName":"ZoomApi listParticipants","location":null,"status":"passed","title":"listParticipants"},{"ancestorTitles":["ZoomApi"],"failureMessages":[],"fullName":"ZoomApi endMeeting","location":null,"status":"passed","title":"endMeeting"},{"ancestorTitles":["ZoomApi"],"failureMessages":[],"fullName":"ZoomApi listMeetings","location":null,"status":"passed","title":"listMeetings"},{"ancestorTitles":["ZoomApi"],"failureMessages":[],"fullName":"ZoomApi listRecordings","location":null,"status":"passed","title":"listRecordings"},{"ancestorTitles":["ZoomApi"],"failureMessages":[],"fullName":"ZoomApi getRecording","location":null,"status":"passed","title":"getRecording"},{"ancestorTitles":["ZoomApi"],"failureMessages":[],"fullName":"ZoomApi getMyActiveCalls","location":null,"status":"passed","title":"getMyActiveCalls"},{"ancestorTitles":["ZoomApi"],"failureMessages":[],"fullName":"ZoomApi createOrGetEventMeeting","location":null,"status":"passed","title":"createOrGetEventMeeting"},{"ancestorTitles":["ZoomApi"],"failureMessages":[],"fullName":"ZoomApi getActiveEventMeeting","location":null,"status":"passed","title":"getActiveEventMeeting"},{"ancestorTitles":["ZoomApi"],"failureMessages":[],"fullName":"ZoomApi joinEventMeeting","location":null,"status":"passed","title":"joinEventMeeting"},{"ancestorTitles":["ZoomApi"],"failureMessages":[],"fullName":"ZoomApi listEventParticipants","location":null,"status":"passed","title":"listEventParticipants"},{"ancestorTitles":["ZoomApi"],"failureMessages":[],"fullName":"ZoomApi endEventMeeting","location":null,"status":"passed","title":"endEventMeeting"}],"endTime":1776254389836,"message":"","name":"C:\\Users\\nunog\\Documents\\Universidad\\Proyectos GitHub\\ISPP\\frontend\\src\\api\\zoom.api.test.js","startTime":1776254389553,"status":"passed","summary":""},{"assertionResults":[{"ancestorTitles":["CommunityDetail"],"failureMessages":[],"fullName":"CommunityDetail muestra estado de carga inicialmente","location":null,"status":"passed","title":"muestra estado de carga inicialmente"},{"ancestorTitles":["CommunityDetail"],"failureMessages":[],"fullName":"CommunityDetail renderiza el nombre de la comunidad","location":null,"status":"passed","title":"renderiza el nombre de la comunidad"},{"ancestorTitles":["CommunityDetail"],"failureMessages":[],"fullName":"CommunityDetail renderiza la descripción de la comunidad","location":null,"status":"passed","title":"renderiza la descripción de la comunidad"},{"ancestorTitles":["CommunityDetail"],"failureMessages":[],"fullName":"CommunityDetail renderiza las categorías de la comunidad","location":null,"status":"passed","title":"renderiza las categorías de la comunidad"},{"ancestorTitles":["CommunityDetail"],"failureMessages":[],"fullName":"CommunityDetail muestra el número de miembros","location":null,"status":"passed","title":"muestra el número de miembros"},{"ancestorTitles":["CommunityDetail"],"failureMessages":[],"fullName":"CommunityDetail despliega el listado de miembros al abrir la seccion","location":null,"status":"passed","title":"despliega el listado de miembros al abrir la seccion"},{"ancestorTitles":["CommunityDetail"],"failureMessages":[],"fullName":"CommunityDetail renderiza el Header","location":null,"status":"passed","title":"renderiza el Header"},{"ancestorTitles":["CommunityDetail"],"failureMessages":[],"fullName":"CommunityDetail muestra error cuando falla la carga de comunidad","location":null,"status":"passed","title":"muestra error cuando falla la carga de comunidad"},{"ancestorTitles":["CommunityDetail"],"failureMessages":[],"fullName":"CommunityDetail muestra botón de unirse para usuarios no logueados","location":null,"status":"passed","title":"muestra botón de unirse para usuarios no logueados"},{"ancestorTitles":["CommunityDetail"],"failureMessages":[],"fullName":"CommunityDetail redirige a login cuando usuario no logueado intenta unirse","location":null,"status":"passed","title":"redirige a login cuando usuario no logueado intenta unirse"},{"ancestorTitles":["CommunityDetail"],"failureMessages":[],"fullName":"CommunityDetail muestra botón de unirse para usuarios logueados no miembros","location":null,"status":"passed","title":"muestra botón de unirse para usuarios logueados no miembros"},{"ancestorTitles":["CommunityDetail"],"failureMessages":[],"fullName":"CommunityDetail puede unirse a la comunidad","location":null,"status":"passed","title":"puede unirse a la comunidad"},{"ancestorTitles":["CommunityDetail"],"failureMessages":[],"fullName":"CommunityDetail si tiene perfil docente, al unirse muestra selector de rol","location":null,"status":"passed","title":"si tiene perfil docente, al unirse muestra selector de rol"},{"ancestorTitles":["CommunityDetail"],"failureMessages":[],"fullName":"CommunityDetail si tiene perfil docente, puede unirse como profesor","location":null,"status":"passed","title":"si tiene perfil docente, puede unirse como profesor"},{"ancestorTitles":["CommunityDetail"],"failureMessages":[],"fullName":"CommunityDetail muestra botón de abandonar para miembros","location":null,"status":"passed","title":"muestra botón de abandonar para miembros"},{"ancestorTitles":["CommunityDetail"],"failureMessages":[],"fullName":"CommunityDetail puede abandonar la comunidad","location":null,"status":"passed","title":"puede abandonar la comunidad"},{"ancestorTitles":["CommunityDetail"],"failureMessages":[],"fullName":"CommunityDetail muestra error especial al intentar abandonar siendo único admin","location":null,"status":"passed","title":"muestra error especial al intentar abandonar siendo único admin"},{"ancestorTitles":["CommunityDetail"],"failureMessages":[],"fullName":"CommunityDetail renderiza sección de eventos","location":null,"status":"passed","title":"renderiza sección de eventos"},{"ancestorTitles":["CommunityDetail"],"failureMessages":[],"fullName":"CommunityDetail muestra los eventos de la comunidad","location":null,"status":"passed","title":"muestra los eventos de la comunidad"},{"ancestorTitles":["CommunityDetail"],"failureMessages":[],"fullName":"CommunityDetail muestra mensaje cuando no hay eventos","location":null,"status":"passed","title":"muestra mensaje cuando no hay eventos"},{"ancestorTitles":["CommunityDetail"],"failureMessages":[],"fullName":"CommunityDetail muestra botón de crear evento para miembros","location":null,"status":"passed","title":"muestra botón de crear evento para miembros"},{"ancestorTitles":["CommunityDetail"],"failureMessages":[],"fullName":"CommunityDetail no muestra botón de crear evento para no miembros","location":null,"status":"passed","title":"no muestra botón de crear evento para no miembros"},{"ancestorTitles":["CommunityDetail"],"failureMessages":[],"fullName":"CommunityDetail muestra el sistema de roles y el listado de administradores","location":null,"status":"passed","title":"muestra el sistema de roles y el listado de administradores"},{"ancestorTitles":["CommunityDetail"],"failureMessages":[],"fullName":"CommunityDetail resuelve correctamente la foto relativa de un miembro","location":null,"status":"passed","title":"resuelve correctamente la foto relativa de un miembro"},{"ancestorTitles":["CommunityDetail"],"failureMessages":[],"fullName":"CommunityDetail resuelve correctamente la foto de un miembro cuando llega en fotoPerfil","location":null,"status":"passed","title":"resuelve correctamente la foto de un miembro cuando llega en fotoPerfil"},{"ancestorTitles":["CommunityDetail"],"failureMessages":[],"fullName":"CommunityDetail resuelve correctamente la foto de un miembro cuando llega en avatarUrl","location":null,"status":"passed","title":"resuelve correctamente la foto de un miembro cuando llega en avatarUrl"},{"ancestorTitles":["CommunityDetail"],"failureMessages":[],"fullName":"CommunityDetail permite abrir el perfil de un miembro desde el listado","location":null,"status":"passed","title":"permite abrir el perfil de un miembro desde el listado"},{"ancestorTitles":["CommunityDetail"],"failureMessages":[],"fullName":"CommunityDetail permite al administrador expulsar a un miembro de la comunidad","location":null,"status":"passed","title":"permite al administrador expulsar a un miembro de la comunidad"},{"ancestorTitles":["CommunityDetail"],"failureMessages":[],"fullName":"CommunityDetail no muestra acción de expulsar para usuarios que no son admin","location":null,"status":"passed","title":"no muestra acción de expulsar para usuarios que no son admin"},{"ancestorTitles":["CommunityDetail"],"failureMessages":[],"fullName":"CommunityDetail muestra aviso cuando el usuario es alumno y no puede crear eventos","location":null,"status":"passed","title":"muestra aviso cuando el usuario es alumno y no puede crear eventos"},{"ancestorTitles":["CommunityDetail"],"failureMessages":[],"fullName":"CommunityDetail muestra checkbox para filtrar eventos cancelados","location":null,"status":"passed","title":"muestra checkbox para filtrar eventos cancelados"},{"ancestorTitles":["CommunityDetail"],"failureMessages":[],"fullName":"CommunityDetail renderiza botón de volver","location":null,"status":"passed","title":"renderiza botón de volver"},{"ancestorTitles":["CommunityDetail"],"failureMessages":[],"fullName":"CommunityDetail navega hacia atrás al hacer clic en volver","location":null,"status":"passed","title":"navega hacia atrás al hacer clic en volver"},{"ancestorTitles":["CommunityDetail"],"failureMessages":[],"fullName":"CommunityDetail muestra chat para miembros logueados","location":null,"status":"passed","title":"muestra chat para miembros logueados"},{"ancestorTitles":["CommunityDetail"],"failureMessages":[],"fullName":"CommunityDetail no muestra chat para no miembros","location":null,"status":"passed","title":"no muestra chat para no miembros"},{"ancestorTitles":["CommunityDetail"],"failureMessages":[],"fullName":"CommunityDetail muestra boton de crear reunion y unirse a zoom para miembros","location":null,"status":"passed","title":"muestra boton de crear reunion y unirse a zoom para miembros"},{"ancestorTitles":["CommunityDetail"],"failureMessages":[],"fullName":"CommunityDetail crea reunion al enviar formulario de zoom","location":null,"status":"passed","title":"crea reunion al enviar formulario de zoom"},{"ancestorTitles":["CommunityDetail"],"failureMessages":[],"fullName":"CommunityDetail carga historial al pulsar Historial","location":null,"status":"passed","title":"carga historial al pulsar Historial"},{"ancestorTitles":["CommunityDetail"],"failureMessages":[],"fullName":"CommunityDetail muestra la lista de participantes de una reunion activa","location":null,"status":"passed","title":"muestra la lista de participantes de una reunion activa"},{"ancestorTitles":["CommunityDetail"],"failureMessages":[],"fullName":"CommunityDetail permite subir un archivo de grabacion desde el historial","location":null,"status":"passed","title":"permite subir un archivo de grabacion desde el historial"},{"ancestorTitles":["CommunityDetail"],"failureMessages":[],"fullName":"CommunityDetail permite descargar una grabacion desde el historial","location":null,"status":"passed","title":"permite descargar una grabacion desde el historial"},{"ancestorTitles":["CommunityDetail"],"failureMessages":[],"fullName":"CommunityDetail muestra botón de eliminar comunidad para admins","location":null,"status":"passed","title":"muestra botón de eliminar comunidad para admins"},{"ancestorTitles":["CommunityDetail"],"failureMessages":[],"fullName":"CommunityDetail elimina comunidad con confirmación","location":null,"status":"passed","title":"elimina comunidad con confirmación"},{"ancestorTitles":["CommunityDetail"],"failureMessages":[],"fullName":"CommunityDetail muestra solicitudes pendientes para admin de comunidad privada","location":null,"status":"passed","title":"muestra solicitudes pendientes para admin de comunidad privada"},{"ancestorTitles":["CommunityDetail"],"failureMessages":[],"fullName":"CommunityDetail carga cuestionarios de la comunidad","location":null,"status":"passed","title":"carga cuestionarios de la comunidad"},{"ancestorTitles":["CommunityDetail"],"failureMessages":[],"fullName":"CommunityDetail muestra ranking de la comunidad","location":null,"status":"passed","title":"muestra ranking de la comunidad"},{"ancestorTitles":["CommunityDetail"],"failureMessages":[],"fullName":"CommunityDetail muestra botón de transferir admin para admins","location":null,"status":"passed","title":"muestra botón de transferir admin para admins"},{"ancestorTitles":["CommunityDetail"],"failureMessages":[],"fullName":"CommunityDetail permite promover un miembro a admin","location":null,"status":"passed","title":"permite promover un miembro a admin"},{"ancestorTitles":["CommunityDetail"],"failureMessages":[],"fullName":"CommunityDetail muestra botón de editar para admin","location":null,"status":"passed","title":"muestra botón de editar para admin"},{"ancestorTitles":["CommunityDetail"],"failureMessages":[],"fullName":"CommunityDetail renderiza imagen de la comunidad","location":null,"status":"passed","title":"renderiza imagen de la comunidad"},{"ancestorTitles":["CommunityDetail"],"failureMessages":[],"fullName":"CommunityDetail muestra botón de solicitar acceso cuando comunidad requiere aprobación","location":null,"status":"passed","title":"muestra botón de solicitar acceso cuando comunidad requiere aprobación"}],"endTime":1776254390399,"message":"","name":"C:\\Users\\nunog\\Documents\\Universidad\\Proyectos GitHub\\ISPP\\frontend\\src\\screens\\comunidades\\CommunityDetail.test.js","startTime":1776254365521,"status":"passed","summary":""}],"wasInterrupted":false}